<?xml version="1.0" encoding="UTF-8"?>
<robot generator="Robot 3.2.2 (Python 3.8.0 on darwin)" generated="20201007 02:35:07.822" rpa="false">
<suite id="s1" name="TestCases" source="/Users/macintosh/PycharmProjects/API_testing/robot/TestCases">
<suite id="s1-s1" name="Fetch Data By Factid" source="/Users/macintosh/PycharmProjects/API_testing/robot/TestCases/fetch_data_by_factid.robot">
<test id="s1-s1-t1" name="Get Facts By factId">
<kw name="Run Keyword" library="BuiltIn">
<doc>Executes the given keyword with the given arguments.</doc>
<arguments>
<arg>Get Facts By Id</arg>
<arg>${factid}</arg>
</arguments>
<assign>
<var>${response}</var>
</assign>
<kw name="Get Facts By Id" library="Libraries.CatFacts">
<doc>Retrieve facts about the animals by providing factid</doc>
<arguments>
<arg>${factid}</arg>
</arguments>
<status status="PASS" starttime="20201007 02:35:08.028" endtime="20201007 02:35:08.895"></status>
</kw>
<msg timestamp="20201007 02:35:08.896" level="INFO">${response} = &lt;Response [200]&gt;</msg>
<status status="PASS" starttime="20201007 02:35:08.027" endtime="20201007 02:35:08.896"></status>
</kw>
<kw name="Set Suite Variable" library="BuiltIn">
<doc>Makes a variable available everywhere within the scope of the current suite.</doc>
<arguments>
<arg>${response}</arg>
<arg>${response}</arg>
</arguments>
<msg timestamp="20201007 02:35:08.896" level="INFO">${response} = &lt;Response [200]&gt;</msg>
<status status="PASS" starttime="20201007 02:35:08.896" endtime="20201007 02:35:08.896"></status>
</kw>
<doc>This Step retrieve the animal facts using 'factid' by calling python method
"get_facts_by_id" of CatFacts class</doc>
<status status="PASS" starttime="20201007 02:35:08.026" endtime="20201007 02:35:08.897" critical="yes"></status>
</test>
<test id="s1-s1-t2" name="Validate Response Codes">
<kw name="Set Variable" library="BuiltIn">
<doc>Returns the given values which can then be assigned to a variables.</doc>
<arguments>
<arg>${response.status_code}</arg>
</arguments>
<assign>
<var>${response_code}</var>
</assign>
<msg timestamp="20201007 02:35:08.898" level="INFO">${response_code} = 200</msg>
<status status="PASS" starttime="20201007 02:35:08.898" endtime="20201007 02:35:08.898"></status>
</kw>
<kw name="Set Variable If" library="BuiltIn">
<doc>Sets variable based on the given condition.</doc>
<arguments>
<arg>${response_code} != 200</arg>
<arg>Getting status with ${response.status_code} while fetching cat facts with parameter</arg>
<arg>${EMPTY}</arg>
</arguments>
<assign>
<var>${failedReason}</var>
</assign>
<msg timestamp="20201007 02:35:08.899" level="INFO">${failedReason} = </msg>
<status status="PASS" starttime="20201007 02:35:08.898" endtime="20201007 02:35:08.899"></status>
</kw>
<kw name="Should Be Empty" library="BuiltIn">
<doc>Verifies that the given item is empty.</doc>
<arguments>
<arg>${failedReason}</arg>
</arguments>
<msg timestamp="20201007 02:35:08.899" level="INFO">Length is 0</msg>
<status status="PASS" starttime="20201007 02:35:08.899" endtime="20201007 02:35:08.899"></status>
</kw>
<doc>this step validate the response code</doc>
<status status="PASS" starttime="20201007 02:35:08.897" endtime="20201007 02:35:08.900" critical="yes"></status>
</test>
<test id="s1-s1-t3" name="Validate Response ID And Type Of Animal">
<kw name="Set Variable" library="BuiltIn">
<doc>Returns the given values which can then be assigned to a variables.</doc>
<arguments>
<arg>${response.json()}</arg>
</arguments>
<assign>
<var>${response_data}</var>
</assign>
<msg timestamp="20201007 02:35:08.901" level="INFO">${response_data} = {'used': False, 'source': 'api', 'type': 'cat', 'deleted': False, '_id': '591f98d1d1f17a153828aade', '__v': 0, 'text': 'Cats have individual preferences for scratching surfaces and angles. Some are ho...</msg>
<status status="PASS" starttime="20201007 02:35:08.901" endtime="20201007 02:35:08.901"></status>
</kw>
<kw name="Log" library="BuiltIn">
<doc>Logs the given message with the given level.</doc>
<arguments>
<arg>${response_data}</arg>
</arguments>
<msg timestamp="20201007 02:35:08.902" level="INFO">{'used': False, 'source': 'api', 'type': 'cat', 'deleted': False, '_id': '591f98d1d1f17a153828aade', '__v': 0, 'text': 'Cats have individual preferences for scratching surfaces and angles. Some are horizontal scratchers while others exercise their claws vertically.', 'updatedAt': '2020-08-23T20:20:01.611Z', 'createdAt': '2018-01-04T01:10:54.673Z', 'status': {'verified': True, 'sentCount': 1}, 'user': '5a9ac18c7478810ea6c06381'}</msg>
<status status="PASS" starttime="20201007 02:35:08.901" endtime="20201007 02:35:08.902"></status>
</kw>
<kw name="Set Variable" library="BuiltIn">
<doc>Returns the given values which can then be assigned to a variables.</doc>
<arguments>
<arg>${response_data['_id']}</arg>
</arguments>
<assign>
<var>${response_id}</var>
</assign>
<msg timestamp="20201007 02:35:08.902" level="INFO">${response_id} = 591f98d1d1f17a153828aade</msg>
<status status="PASS" starttime="20201007 02:35:08.902" endtime="20201007 02:35:08.902"></status>
</kw>
<kw name="Should Be Equal" library="BuiltIn">
<doc>Fails if the given objects are unequal.</doc>
<arguments>
<arg>${response_id}</arg>
<arg>${factid}</arg>
<arg>recieved id doesn't match with id provided by user</arg>
</arguments>
<status status="PASS" starttime="20201007 02:35:08.903" endtime="20201007 02:35:08.903"></status>
</kw>
<kw name="Should Match Regexp" library="BuiltIn">
<doc>Fails if ``string`` does not match ``pattern`` as a regular expression.</doc>
<arguments>
<arg>${response_id}</arg>
<arg>^([a-zA-Z0-9])*$</arg>
<arg>invalid data type of id</arg>
</arguments>
<status status="PASS" starttime="20201007 02:35:08.903" endtime="20201007 02:35:08.905"></status>
</kw>
<kw name="Set Variable" library="BuiltIn">
<doc>Returns the given values which can then be assigned to a variables.</doc>
<arguments>
<arg>${response_data['type']}</arg>
</arguments>
<assign>
<var>${animal_type}</var>
</assign>
<msg timestamp="20201007 02:35:08.906" level="INFO">${animal_type} = cat</msg>
<status status="PASS" starttime="20201007 02:35:08.905" endtime="20201007 02:35:08.906"></status>
</kw>
<kw name="Evaluate" library="BuiltIn">
<doc>Evaluates the given expression in Python and returns the result.</doc>
<arguments>
<arg>isinstance('${animal_type}', str)</arg>
</arguments>
<assign>
<var>${is_string}</var>
</assign>
<msg timestamp="20201007 02:35:08.907" level="INFO">${is_string} = True</msg>
<status status="PASS" starttime="20201007 02:35:08.906" endtime="20201007 02:35:08.907"></status>
</kw>
<status status="PASS" starttime="20201007 02:35:08.900" endtime="20201007 02:35:08.907" critical="yes"></status>
</test>
<test id="s1-s1-t4" name="Validate Response Header">
<kw name="Set Variable" library="BuiltIn">
<doc>Returns the given values which can then be assigned to a variables.</doc>
<arguments>
<arg>${response.headers}</arg>
</arguments>
<assign>
<var>${header_response}</var>
</assign>
<msg timestamp="20201007 02:35:08.909" level="INFO">${header_response} = {'Server': 'Cowboy', 'Connection': 'keep-alive', 'X-Powered-By': 'Express', 'Access-Control-Allow-Origin': '*', 'Content-Type': 'application/json; charset=utf-8', 'Content-Length': '407', 'Etag': 'W/"...</msg>
<status status="PASS" starttime="20201007 02:35:08.909" endtime="20201007 02:35:08.909"></status>
</kw>
<kw name="Set Variable" library="BuiltIn">
<doc>Returns the given values which can then be assigned to a variables.</doc>
<arguments>
<arg>${header_response['Content-Type']}</arg>
</arguments>
<assign>
<var>${content_type}</var>
</assign>
<msg timestamp="20201007 02:35:08.910" level="INFO">${content_type} = application/json; charset=utf-8</msg>
<status status="PASS" starttime="20201007 02:35:08.909" endtime="20201007 02:35:08.910"></status>
</kw>
<kw name="Should Be True" library="BuiltIn">
<doc>Fails if the given condition is not true.</doc>
<arguments>
<arg>'''${content_type}''' == '''application/json; charset=utf-8'''</arg>
<arg>invalid content type returned</arg>
</arguments>
<status status="PASS" starttime="20201007 02:35:08.910" endtime="20201007 02:35:08.911"></status>
</kw>
<doc>this step validate the headers from response header</doc>
<status status="PASS" starttime="20201007 02:35:08.908" endtime="20201007 02:35:08.911" critical="yes"></status>
</test>
<status status="PASS" starttime="20201007 02:35:07.864" endtime="20201007 02:35:08.912"></status>
</suite>
<suite id="s1-s2" name="Validate Facts Using Parameter" source="/Users/macintosh/PycharmProjects/API_testing/robot/TestCases/validate_facts_using_parameter.robot">
<test id="s1-s2-t1" name="Get All The Facts">
<kw name="Run Keyword" library="BuiltIn">
<doc>Executes the given keyword with the given arguments.</doc>
<arguments>
<arg>Get Facts</arg>
<arg>${animal_type}</arg>
<arg>${amount}</arg>
</arguments>
<assign>
<var>${response}</var>
</assign>
<kw name="Get Facts" library="Libraries.CatFacts">
<doc>Retrieve facts about the animals by providing animal_type and amount as the input parameter</doc>
<arguments>
<arg>${animal_type}</arg>
<arg>${amount}</arg>
</arguments>
<status status="PASS" starttime="20201007 02:35:08.924" endtime="20201007 02:35:09.819"></status>
</kw>
<msg timestamp="20201007 02:35:09.820" level="INFO">${response} = &lt;Response [200]&gt;</msg>
<status status="PASS" starttime="20201007 02:35:08.923" endtime="20201007 02:35:09.820"></status>
</kw>
<kw name="Set Suite Variable" library="BuiltIn">
<doc>Makes a variable available everywhere within the scope of the current suite.</doc>
<arguments>
<arg>${response}</arg>
<arg>${response}</arg>
</arguments>
<msg timestamp="20201007 02:35:09.820" level="INFO">${response} = &lt;Response [200]&gt;</msg>
<status status="PASS" starttime="20201007 02:35:09.820" endtime="20201007 02:35:09.820"></status>
</kw>
<doc>This Step retrieve the animal facts by calling python method "get_facts" of CatFacts class</doc>
<status status="PASS" starttime="20201007 02:35:08.922" endtime="20201007 02:35:09.821" critical="yes"></status>
</test>
<test id="s1-s2-t2" name="Validate Response Codes">
<kw name="Set Variable" library="BuiltIn">
<doc>Returns the given values which can then be assigned to a variables.</doc>
<arguments>
<arg>${response.status_code}</arg>
</arguments>
<assign>
<var>${response_code}</var>
</assign>
<msg timestamp="20201007 02:35:09.822" level="INFO">${response_code} = 200</msg>
<status status="PASS" starttime="20201007 02:35:09.822" endtime="20201007 02:35:09.822"></status>
</kw>
<kw name="Set Variable If" library="BuiltIn">
<doc>Sets variable based on the given condition.</doc>
<arguments>
<arg>${response_code} != 200</arg>
<arg>Getting status with ${response.status_code} while fetching cat facts with parameter</arg>
<arg>${EMPTY}</arg>
</arguments>
<assign>
<var>${failedReason}</var>
</assign>
<msg timestamp="20201007 02:35:09.823" level="INFO">${failedReason} = </msg>
<status status="PASS" starttime="20201007 02:35:09.822" endtime="20201007 02:35:09.823"></status>
</kw>
<kw name="Should Be Empty" library="BuiltIn">
<doc>Verifies that the given item is empty.</doc>
<arguments>
<arg>${failedReason}</arg>
</arguments>
<msg timestamp="20201007 02:35:09.824" level="INFO">Length is 0</msg>
<status status="PASS" starttime="20201007 02:35:09.823" endtime="20201007 02:35:09.824"></status>
</kw>
<doc>this step validate the response code</doc>
<status status="PASS" starttime="20201007 02:35:09.821" endtime="20201007 02:35:09.824" critical="yes"></status>
</test>
<test id="s1-s2-t3" name="Validate Response Data">
<kw name="Set Variable" library="BuiltIn">
<doc>Returns the given values which can then be assigned to a variables.</doc>
<arguments>
<arg>${response.json()}</arg>
</arguments>
<assign>
<var>${response_data}</var>
</assign>
<msg timestamp="20201007 02:35:09.832" level="INFO">${response_data} = [{'used': False, 'source': 'user', 'type': 'cat', 'deleted': False, '_id': '5eaafca69105ce00177573de', 'user': '5ea977d1cd53d20017d7d8b2', 'text': 'Cats sleep most of the time.', 'createdAt': '2020-04...</msg>
<status status="PASS" starttime="20201007 02:35:09.828" endtime="20201007 02:35:09.832"></status>
</kw>
<kw name="Log" library="BuiltIn">
<doc>Logs the given message with the given level.</doc>
<arguments>
<arg>${response_data}</arg>
</arguments>
<msg timestamp="20201007 02:35:09.834" level="INFO">[{'used': False, 'source': 'user', 'type': 'cat', 'deleted': False, '_id': '5eaafca69105ce00177573de', 'user': '5ea977d1cd53d20017d7d8b2', 'text': 'Cats sleep most of the time.', 'createdAt': '2020-04-30T16:28:22.751Z', 'updatedAt': '2020-08-23T20:20:01.611Z', '__v': 0}, {'used': False, 'source': 'user', 'type': 'cat', 'deleted': False, '_id': '5d38b0c40f1c57001592f129', 'user': '5a9ac18c7478810ea6c06381', 'text': 'The elegant Balinese is a longhaired variety of the Siamese, and like the Siamese, this stunning breed is sociable and intelligent. The breed was named for the grace of the dancers on the island of Bali in Indonesia.', 'createdAt': '2019-07-24T19:25:56.099Z', 'updatedAt': '2020-08-23T20:20:01.611Z', '__v': 0, 'status': {'verified': True, 'sentCount': 1}}, {'used': False, 'source': 'user', 'type': 'cat', 'deleted': False, '_id': '5c6a104fc2d7a200140f699f', 'updatedAt': '2020-08-23T20:20:01.611Z', 'createdAt': '2019-02-18T01:54:23.493Z', 'user': '5a9ac18c7478810ea6c06381', 'text': 'A cat’s spine can rotate more than the spines of most other animals, and their vertebrae have a special, flexible, elastic cushioning on the disks, which gives it even more flexibility.', '__v': 0, 'status': {'verified': True, 'sentCount': 1}}, {'used': False, 'source': 'api', 'type': 'cat', 'deleted': False, '_id': '591f98783b90f7150a19c1da', '__v': 0, 'text': 'The cat appears to be the only domestic companion animal not mentioned in the Bible.', 'updatedAt': '2020-08-23T20:20:01.611Z', 'createdAt': '2018-01-04T01:10:54.673Z', 'status': {'verified': True, 'sentCount': 1}, 'user': '5a9ac18c7478810ea6c06381'}, {'used': False, 'source': 'user', 'type': 'cat', 'deleted': False, '_id': '5ece7253a0d2ec00178ae28c', 'user': '5eccdd64ba0a92001760e263', 'text': 'Cat is cat.', 'createdAt': '2020-05-27T13:59:47.759Z', 'updatedAt': '2020-08-23T20:20:01.611Z', '__v': 0}, {'used': False, 'source': 'user', 'type': 'cat', 'deleted': False, '_id': '59a60b896acf530020f3586d', 'updatedAt': '2020-08-23T20:20:01.611Z', 'createdAt': '2018-03-19T20:20:03.727Z', 'user': '5a9ac18c7478810ea6c06381', 'text': 'Cat owners are 25% likely to pick George Harrison as their favorite Beatle.', '__v': 0, 'status': {'verified': True, 'sentCount': 1}}, {'used': False, 'source': 'api', 'type': 'cat', 'deleted': False, '_id': '591f98703b90f7150a19c151', '__v': 0, 'text': 'Cat families usually play best in even numbers. Cats and kittens should be aquired in pairs whenever possible.', 'updatedAt': '2020-08-23T20:20:01.611Z', 'createdAt': '2018-01-04T01:10:54.673Z', 'status': {'verified': True, 'sentCount': 1}, 'user': '5a9ac18c7478810ea6c06381'}, {'used': False, 'source': 'api', 'type': 'cat', 'deleted': False, '_id': '591f98783b90f7150a19c1c6', '__v': 0, 'text': 'Cats take between 20-40 breaths per minute.', 'updatedAt': '2020-08-23T20:20:01.611Z', 'createdAt': '2018-01-04T01:10:54.673Z', 'status': {'verified': True, 'sentCount': 1}, 'user': '5a9ac18c7478810ea6c06381'}, {'used': False, 'source': 'api', 'type': 'cat', 'deleted': False, '_id': '591f98883b90f7150a19c264', '__v': 0, 'text': "The chlorine in fresh tap water irritates sensitive parts of the cat's nose. Let tap water sit for 24 hours before giving it to a cat.", 'updatedAt': '2020-08-23T20:20:01.611Z', 'createdAt': '2018-01-04T01:10:54.673Z', 'status': {'verified': True, 'sentCount': 1}, 'user': '5a9ac18c7478810ea6c06381'}, {'used': False, 'source': 'user', 'type': 'dog', 'deleted': False, '_id': '5b12d7ddcf4b960d5eb02ecb', 'updatedAt': '2020-08-23T20:20:01.611Z', 'createdAt': '2018-07-31T02:22:23.836Z', 'user': '5a9ac18c7478810ea6c06381', 'text': 'There are hundreds of different breeds of dogs.', '__v': 0, 'status': {'verified': True, 'sentCount': 1}}, {'used': False, 'source': 'api', 'type': 'cat', 'deleted': False, '_id': '591f98703b90f7150a19c166', '__v': 0, 'text': 'Mother cats teach their kittens to use the litter box.', 'updatedAt': '2020-08-23T20:20:01.611Z', 'createdAt': '2018-01-04T01:10:54.673Z', 'status': {'verified': True, 'sentCount': 1}, 'user': '5a9ac18c7478810ea6c06381'}, {'used': False, 'source': 'api', 'type': 'cat', 'deleted': False, '_id': '591f98883b90f7150a19c2a4', '__v': 0, 'text': 'If your cat snores or rolls over on his back to expose his belly, it means he trusts you.', 'updatedAt': '2020-08-23T20:20:01.611Z', 'createdAt': '2018-01-04T01:10:54.673Z', 'status': {'verified': True, 'sentCount': 1}, 'user': '5a9ac18c7478810ea6c06381'}, {'used': False, 'source': 'api', 'type': 'cat', 'deleted': False, '_id': '591f9890d369931519ce3564', '__v': 0, 'text': "A cat's normal pulse is 140-240 beats per minute, with an average of 195.", 'updatedAt': '2020-08-23T20:20:01.611Z', 'createdAt': '2018-08-04T20:20:02.737Z', 'status': {'verified': True, 'sentCount': 1}, 'user': '5a9ac18c7478810ea6c06381'}, {'used': False, 'source': 'user', 'type': 'cat', 'deleted': False, '_id': '5d38b2510f1c57001592f12e', 'user': '5a9ac18c7478810ea6c06381', 'text': 'Courgars are the largest wild cats that can purr.', 'createdAt': '2019-07-24T19:32:33.341Z', 'updatedAt': '2020-08-23T20:20:01.611Z', '__v': 0, 'status': {'verified': True, 'sentCount': 1}}, {'used': False, 'source': 'api', 'type': 'cat', 'deleted': False, '_id': '591f98348dec2e14e3c20b1a', '__v': 0, 'text': 'Cats born with 6 or 7 front toes and extra back toes are called polydactl.', 'updatedAt': '2020-08-23T20:20:01.611Z', 'createdAt': '2018-01-04T01:10:54.673Z', 'status': {'verified': True, 'sentCount': 1}, 'user': '5a9ac18c7478810ea6c06381'}, {'used': False, 'source': 'api', 'type': 'cat', 'deleted': False, '_id': '591f9890d369931519ce357b', '__v': 0, 'text': 'Ancient Egyptian family members shaved their eyebrows in mourning when the family cat died.', 'updatedAt': '2020-08-23T20:20:01.611Z', 'createdAt': '2018-01-04T01:10:54.673Z', 'status': {'verified': True, 'sentCount': 1}, 'user': '5a9ac18c7478810ea6c06381'}, {'used': False, 'source': 'api', 'type': 'cat', 'deleted': False, '_id': '591f98783b90f7150a19c1cf', '__v': 0, 'text': 'Contrary to popular belief, the cat is a social animal. A pet cat will respond and answer to speech, and seems to enjoy human companionship.', 'updatedAt': '2020-08-23T20:20:01.611Z', 'createdAt': '2018-01-04T01:10:54.673Z', 'status': {'verified': True, 'sentCount': 1}, 'user': '5a9ac18c7478810ea6c06381'}, {'used': False, 'source': 'user', 'type': 'cat', 'deleted': False, '_id': '5ecdda946253f20017f53ec5', 'user': '5ecdda686253f20017f53ec4', 'text': 'Cats love womans, dog loves mans.', 'createdAt': '2020-05-27T03:12:20.205Z', 'updatedAt': '2020-08-23T20:20:01.611Z', '__v': 0}, {'used': False, 'source': 'api', 'type': 'cat', 'deleted': False, '_id': '591f9890d369931519ce3572', '__v': 0, 'text': 'The leopard is the most widespread of all big cats.', 'updatedAt': '2020-08-23T20:20:01.611Z', 'createdAt': '2018-04-15T21:24:03.125Z', 'status': {'verified': True, 'sentCount': 1}, 'user': '5a9ac18c7478810ea6c06381'}, {'used': False, 'source': 'api', 'type': 'cat', 'deleted': False, '_id': '591f98803b90f7150a19c20b', '__v': 0, 'text': 'In the Middle Ages, during the Festival of Saint John, cats were burned alive in town squares.', 'updatedAt': '2020-08-23T20:20:01.611Z', 'createdAt': '2018-08-07T20:22:40.743Z', 'status': {'verified': True, 'sentCount': 1}, 'user': '5a9ac18c7478810ea6c06381'}, {'used': False, 'source': 'user', 'type': 'cat', 'deleted': False, '_id': '5b1b3f56841d9700146158cc', 'updatedAt': '2020-08-23T20:20:01.611Z', 'createdAt': '2018-06-22T20:20:02.344Z', 'user': '5a9ac18c7478810ea6c06381', 'text': 'Cats lack antibodies against dog blood so they can only receive it via a transfusion once. The second time would kill them.', '__v': 0, 'status': {'verified': True, 'sentCount': 1}}, {'used': False, 'source': 'api', 'type': 'cat', 'deleted': False, '_id': '591f98783b90f7150a19c1c1', '__v': 0, 'text': 'Tigers are excellent swimmers and do not avoid water.', 'updatedAt': '2020-08-23T20:20:01.611Z', 'createdAt': '2018-01-04T01:10:54.673Z', 'status': {'verified': True, 'sentCount': 1}, 'user': '5a9ac18c7478810ea6c06381'}, {'used': False, 'source': 'user', 'type': 'cat', 'deleted': False, '_id': '5d38bdab0f1c57001592f156', 'user': '5a9ac18c7478810ea6c06381', 'text': "While some cats love being brushed, others don't take to it naturally. Try to groom your cat in the same spot at the same time of day to create a sense of routine.", 'createdAt': '2019-07-24T20:20:59.083Z', 'updatedAt': '2020-08-23T20:20:01.611Z', '__v': 0, 'status': {'verified': True, 'sentCount': 1}}, {'used': False, 'source': 'user', 'type': 'cat', 'deleted': False, '_id': '5a4d79fb6ef087002174c295', 'updatedAt': '2020-08-23T20:20:01.611Z', 'createdAt': '2018-04-30T20:20:03.195Z', 'user': '5a9ac18c7478810ea6c06381', 'text': 'The little tufts of hair in a cat’s ear that help keep out dirt direct sounds into the ear, and insulate the ears are called "ear furnishings."', '__v': 0, 'status': {'verified': True, 'sentCount': 1}}, {'used': False, 'source': 'user', 'type': 'dog', 'deleted': False, '_id': '5b7a03432048fd0014e9d887', 'updatedAt': '2020-08-23T20:20:01.611Z', 'createdAt': '2018-08-19T23:54:43.664Z', 'user': '5a9ac18c7478810ea6c06381', 'text': 'Dogs are capable of locating the source of a sound in 6/100ths of a second by using their swiveling ears like radar dishes.', '__v': 0, 'status': {'verified': True, 'sentCount': 1}}, {'used': False, 'source': 'api', 'type': 'cat', 'deleted': False, '_id': '591f98783b90f7150a19c1cc', '__v': 0, 'text': 'British cat owners spend roughly 550 million pounds yearly on cat food.', 'updatedAt': '2020-08-23T20:20:01.611Z', 'createdAt': '2018-04-15T20:20:02.691Z', 'status': {'verified': True, 'sentCount': 1}, 'user': '5a9ac18c7478810ea6c06381'}, {'used': True, 'source': 'user', 'type': 'cat', 'deleted': False, '_id': '58e009420aac31001185ed11', 'user': '58e007480aac31001185ecef', 'text': 'Basically all cartoon cats lied to us: Raw fish is off the table for cats as well.', '__v': 0, 'updatedAt': '2020-09-03T20:20:01.808Z', 'createdAt': '2018-03-13T20:20:02.622Z', 'status': {'verified': True, 'sentCount': 1}}, {'used': False, 'source': 'user', 'type': 'dog', 'deleted': False, '_id': '5b7a032e2048fd0014e9d885', 'updatedAt': '2020-08-23T20:20:01.611Z', 'createdAt': '2018-08-19T23:54:22.143Z', 'user': '5a9ac18c7478810ea6c06381', 'text': 'All dogs, regardless of breed, are direct descendants of wolves and technically of the same species.', '__v': 0, 'status': {'verified': True, 'sentCount': 1}}, {'used': False, 'source': 'api', 'type': 'cat', 'deleted': False, '_id': '591f97bcccb34a14d3f7dc96', '__v': 0, 'text': "Cats' hearing stops at 65 khz (kilohertz); humans' hearing stops at 20 khz.", 'updatedAt': '2020-08-23T20:20:01.611Z', 'createdAt': '2018-01-04T01:10:54.673Z', 'status': {'verified': True, 'sentCount': 1}, 'user': '5a9ac18c7478810ea6c06381'}, {'used': False, 'source': 'user', 'type': 'cat', 'deleted': False, '_id': '59951d5ef2db18002031693c', 'user': '5a9ac18c7478810ea6c06381', 'text': 'America’s cats, including housecats that adventure outdoors and feral cats, kill between 1.3 billion and 4.0 billion birds in a year.', '__v': 0, 'updatedAt': '2020-08-23T20:20:01.611Z', 'createdAt': '2018-01-08T21:20:03.690Z', 'status': {'verified': True, 'sentCount': 1}}, {'used': False, 'source': 'user', 'type': 'cat', 'deleted': False, '_id': '5c69c4eec2d7a200140f67ef', 'updatedAt': '2020-08-23T20:20:01.611Z', 'createdAt': '2019-02-17T20:32:46.194Z', 'user': '5a9ac18c7478810ea6c06381', 'text': 'The Sphynx was originally known as the Canadian Hairless Cat. The breed originated in Toronto, and was renamed to Sphynx, a nod to the famous limestone sculpture in the Egyptian Desert.', '__v': 0, 'status': {'verified': True, 'sentCount': 1}}, {'used': False, 'source': 'user', 'type': 'cat', 'deleted': False, '_id': '5f60f31d8ade8300170a25d4', 'user': '5f60f30f8ade8300170a25d3', 'text': '1.', 'createdAt': '2020-09-15T17:00:13.750Z', 'updatedAt': '2020-09-15T17:00:13.750Z', '__v': 0}, {'used': False, 'source': 'api', 'type': 'cat', 'deleted': False, '_id': '591f98703b90f7150a19c17c', '__v': 0, 'text': 'Studies now show that the allergen in cats is related to their scent glands. Cats have scent glands on their faces and at the base of their tails. Entire male cats generate the most scent. If this secretion from the scent glands is the allergen, allergic people should tolerate spayed female cats the best.', 'updatedAt': '2020-08-23T20:20:01.611Z', 'createdAt': '2018-01-04T01:10:54.673Z', 'status': {'verified': True, 'sentCount': 1}, 'user': '5a9ac18c7478810ea6c06381'}, {'used': False, 'source': 'api', 'type': 'cat', 'deleted': False, '_id': '591f98a4d369931519ce3686', '__v': 0, 'text': 'Cats can judge within 3 inches the precise location of a sound being made 1 yard away.', 'updatedAt': '2020-08-23T20:20:01.611Z', 'createdAt': '2018-01-04T01:10:54.673Z', 'status': {'verified': True, 'sentCount': 1}, 'user': '5a9ac18c7478810ea6c06381'}, {'used': True, 'source': 'user', 'type': 'dog', 'deleted': False, '_id': '5c871f6b357f5a0eeaac1236', 'user': '5a9ac18c7478810ea6c06381', 'text': 'It’s a myth that dogs only see in black and white. In fact, it’s believed that dogs see primarily in blue, greenish-yellow, yellow and various shades of gray.', 'createdAt': '2019-03-12T02:54:35.515Z', 'updatedAt': '2020-09-20T20:20:01.102Z', '__v': 0, 'status': {'verified': True, 'sentCount': 1}}, {'used': False, 'source': 'api', 'type': 'cat', 'deleted': False, '_id': '591f98703b90f7150a19c13f', '__v': 0, 'text': 'In multi-cat households, cats of the opposite sex usually get along better.', 'updatedAt': '2020-08-23T20:20:01.611Z', 'createdAt': '2018-01-04T01:10:54.673Z', 'status': {'verified': True, 'sentCount': 1}, 'user': '5a9ac18c7478810ea6c06381'}, {'used': False, 'source': 'api', 'type': 'cat', 'deleted': False, '_id': '591f98108dec2e14e3c20b10', '__v': 0, 'text': "Cats must have fat in their diet because they can't produce it on their own.", 'updatedAt': '2020-08-23T20:20:01.611Z', 'createdAt': '2018-01-04T01:10:54.673Z', 'status': {'verified': True, 'sentCount': 1}, 'user': '5a9ac18c7478810ea6c06381'}, {'used': False, 'source': 'api', 'type': 'cat', 'deleted': False, '_id': '591f98883b90f7150a19c25e', '__v': 0, 'text': 'Mature cats with no health problems are in deep sleep 15 percent of their lives. They are in light sleep 50 percent of the time. That leaves just 35 percent awake time, or roughly 6-8 hours a day.', 'updatedAt': '2020-08-23T20:20:01.611Z', 'createdAt': '2018-01-04T01:10:54.673Z', 'status': {'verified': True, 'sentCount': 1}, 'user': '5a9ac18c7478810ea6c06381'}, {'used': False, 'source': 'user', 'type': 'cat', 'deleted': False, '_id': '5ea7496761cd4d0017498a94', 'user': '5a9ac18c7478810ea6c06381', 'text': 'Ancient sailors believed that cats were magic and would often risk their own lives, even in an "every man for himself" situation, to save a cat from a sinking ship. All ships had at least one ship\'s cat as cats would eat the rats that have always plagued ships. The ship\'s cat would often be given a rank and sailors would generally take excessively good care of their cats.', 'createdAt': '2020-04-27T21:06:47.329Z', 'updatedAt': '2020-08-23T20:20:01.611Z', '__v': 0}, {'used': False, 'source': 'user', 'type': 'cat', 'deleted': False, '_id': '5d38b69a0f1c57001592f135', 'user': '5a9ac18c7478810ea6c06381', 'text': "While we don't know the exact origins of the Russian Blue, it's commonly believed the breed comes from the Archangel Isles in northwestern Russia—the region's cold climate would certainly explain the breed's plush coat.", 'createdAt': '2019-07-24T19:50:50.529Z', 'updatedAt': '2020-08-23T20:20:01.611Z', '__v': 0, 'status': {'verified': True, 'sentCount': 1}}, {'used': False, 'source': 'user', 'type': 'cat', 'deleted': False, '_id': '5c69c47dc2d7a200140f67ee', 'updatedAt': '2020-08-23T20:20:01.611Z', 'createdAt': '2019-02-17T20:30:53.150Z', 'user': '5a9ac18c7478810ea6c06381', 'text': 'Abraham Lincoln, being the ailurophile that he was, once rescued three stray kittens and ensured that they were fed and found homes.', '__v': 0, 'status': {'verified': True, 'sentCount': 1}}, {'used': False, 'source': 'user', 'type': 'cat', 'deleted': False, '_id': '5f3d07620c28e900174a4377', 'user': '5f3d06f50c28e900174a4375', 'text': 'Sssssssss.', 'createdAt': '2020-08-19T11:05:06.934Z', 'updatedAt': '2020-08-23T20:20:01.611Z', '__v': 0}, {'used': False, 'source': 'api', 'type': 'cat', 'deleted': False, '_id': '591f98803b90f7150a19c226', '__v': 0, 'text': "The cat's footpads absorb the shocks of the landing when the cat jumps.", 'updatedAt': '2020-08-23T20:20:01.611Z', 'createdAt': '2018-01-04T01:10:54.673Z', 'status': {'verified': True, 'sentCount': 1}, 'user': '5a9ac18c7478810ea6c06381'}, {'used': False, 'source': 'user', 'type': 'cat', 'deleted': False, '_id': '5c7408a14dd87d001490f02b', 'updatedAt': '2020-08-23T20:20:01.611Z', 'createdAt': '2019-02-25T15:24:17.762Z', 'user': '5c72e94751021f001415f012', 'text': "The cheetah is the only cat that doesn't have retractable claws.", '__v': 0, 'status': {'verified': True, 'sentCount': 1}}, {'used': False, 'source': 'api', 'type': 'cat', 'deleted': False, '_id': '591f98783b90f7150a19c1c4', '__v': 0, 'text': 'According to a Gallup poll, most American pet owners obtain their cats by adopting strays.', 'updatedAt': '2020-08-23T20:20:01.611Z', 'createdAt': '2018-01-04T01:10:54.673Z', 'status': {'verified': True, 'sentCount': 1}, 'user': '5a9ac18c7478810ea6c06381'}, {'used': False, 'source': 'api', 'type': 'cat', 'deleted': False, '_id': '591f98703b90f7150a19c13a', '__v': 0, 'text': "When a cats rubs up against you, the cat is marking you with it's scent claiming ownership.", 'updatedAt': '2020-08-23T20:20:01.611Z', 'createdAt': '2018-01-04T01:10:54.673Z', 'status': {'verified': True, 'sentCount': 1}, 'user': '5a9ac18c7478810ea6c06381'}, {'used': False, 'source': 'user', 'type': 'cat', 'deleted': False, '_id': '5f2ddb9358ea8e0017ed1268', 'user': '5f2ddb7e58ea8e0017ed1267', 'text': 'Zoe.', 'createdAt': '2020-08-07T22:54:11.658Z', 'updatedAt': '2020-08-23T20:20:01.611Z', '__v': 0}, {'used': False, 'source': 'api', 'type': 'cat', 'deleted': False, '_id': '591f98703b90f7150a19c16a', '__v': 0, 'text': "Cats, just like people, are subject to asthma. Dust, smoke, and other forms of air pullution in your cat's environment can be troublesome sources of irritation.", 'updatedAt': '2020-08-23T20:20:01.611Z', 'createdAt': '2018-01-04T01:10:54.673Z', 'status': {'verified': True, 'sentCount': 1}, 'user': '5a9ac18c7478810ea6c06381'}, {'used': False, 'source': 'user', 'type': 'cat', 'deleted': False, '_id': '58e008450aac31001185ecfd', 'user': '58e007480aac31001185ecef', 'text': 'A cat was mayor of Talkeetna, Alaska, for 20 years. His name is Stubbs, and he died on July 23, 2017.', '__v': 0, 'updatedAt': '2020-08-23T20:20:01.611Z', 'createdAt': '2018-02-16T21:20:03.455Z', 'status': {'verified': True, 'sentCount': 1}}, {'used': False, 'source': 'api', 'type': 'cat', 'deleted': False, '_id': '591f98783b90f7150a19c1d6', '__v': 0, 'text': 'The smallest breed of domestic cat is the Singapura or "Drain Cat" of Singapore. Adult females weigh in at an average of 4lbs.', 'updatedAt': '2020-08-23T20:20:01.611Z', 'createdAt': '2018-01-04T01:10:54.673Z', 'status': {'verified': True, 'sentCount': 1}, 'user': '5a9ac18c7478810ea6c06381'}, {'used': False, 'source': 'user', 'type': 'cat', 'deleted': False, '_id': '5f119d925ada6000174e785c', 'user': '5f119d3e5ada6000174e785b', 'text': 'Cat are cute.', 'createdAt': '2020-07-17T12:46:10.139Z', 'updatedAt': '2020-08-23T20:20:01.611Z', '__v': 0}, {'used': False, 'source': 'user', 'type': 'cat', 'deleted': False, '_id': '59a60ba66acf530020f35873', 'updatedAt': '2020-08-23T20:20:01.611Z', 'createdAt': '2018-01-18T21:20:04.343Z', 'user': '5a9ac18c7478810ea6c06381', 'text': "Most cats don't like water because their coats do not insulate them well enough.", '__v': 0, 'status': {'verified': True, 'sentCount': 1}}, {'used': False, 'source': 'user', 'type': 'cat', 'deleted': False, '_id': '59a60b9e6acf530020f35871', 'updatedAt': '2020-08-23T20:20:01.611Z', 'createdAt': '2018-04-12T20:20:03.242Z', 'user': '5a9ac18c7478810ea6c06381', 'text': 'The Egyptian Mau is the oldest breed of cat, and is the fastest pedigreed cat.', '__v': 0, 'status': {'verified': True, 'sentCount': 1}}, {'used': False, 'source': 'api', 'type': 'cat', 'deleted': False, '_id': '591f98883b90f7150a19c28f', '__v': 0, 'text': 'In one stride, a cheetah can cover 23 to 26 feet (7 to 8 meters).', 'updatedAt': '2020-08-23T20:20:01.611Z', 'createdAt': '2018-01-04T01:10:54.673Z', 'status': {'verified': True, 'sentCount': 1}, 'user': '5a9ac18c7478810ea6c06381'}, {'used': False, 'source': 'user', 'type': 'cat', 'deleted': False, '_id': '58e008630aac31001185ed01', 'user': '58e007480aac31001185ecef', 'text': 'When cats grimace, they are usually "taste-scenting." They have an extra organ that, with some breathing control, allows the cats to taste-sense the air.', '__v': 0, 'updatedAt': '2020-08-23T20:20:01.611Z', 'createdAt': '2018-02-07T21:20:02.903Z', 'status': {'verified': True, 'sentCount': 1}}, {'used': False, 'source': 'api', 'type': 'cat', 'deleted': False, '_id': '591f98703b90f7150a19c175', '__v': 0, 'text': 'Why do people have cats? One survey that looked into the reasons people have cats found the following: companionship/comfort: 27%; stress/blood pressure relief: 22%; something to love/feel needed: 9%; lifts depression/boosts moods: 10%; subject of communication/stimulates interest: 8%.', 'updatedAt': '2020-08-23T20:20:01.611Z', 'createdAt': '2018-05-11T20:20:03.244Z', 'status': {'verified': True, 'sentCount': 1}, 'user': '5a9ac18c7478810ea6c06381'}, {'used': False, 'source': 'user', 'type': 'dog', 'deleted': False, '_id': '5b7a03382048fd0014e9d886', 'updatedAt': '2020-08-23T20:20:01.611Z', 'createdAt': '2018-08-19T23:54:32.538Z', 'user': '5a9ac18c7478810ea6c06381', 'text': 'A dog’s whiskers — found on the muzzle, above the eyes and below the jaws — are technically known as vibrissae. They are touch-sensitive hairs than actually sense minute changes in airflow.', '__v': 0, 'status': {'verified': True, 'sentCount': 1}}, {'used': False, 'source': 'api', 'type': 'cat', 'deleted': False, '_id': '591f98703b90f7150a19c14d', '__v': 0, 'text': 'Not every cat gets "high" from catnip. Whether or not a cat responds to it depends upon a recessive gene: no gene, no joy.', 'updatedAt': '2020-08-23T20:20:01.611Z', 'createdAt': '2018-01-04T01:10:54.673Z', 'status': {'verified': True, 'sentCount': 1}, 'user': '5a9ac18c7478810ea6c06381'}, {'used': False, 'source': 'user', 'type': 'cat', 'deleted': False, '_id': '5c69c3ecc2d7a200140f67eb', 'updatedAt': '2020-08-23T20:20:01.611Z', 'createdAt': '2019-02-17T20:28:28.811Z', 'user': '5a9ac18c7478810ea6c06381', 'text': 'The average female housecat could give birth to ove 100 kittens in her lifetime.', '__v': 0, 'status': {'verified': True, 'sentCount': 1}}, {'used': False, 'source': 'user', 'type': 'cat', 'deleted': False, '_id': '5f6062788ade8300170a25c6', 'user': '5f5f145fb2e4b7001719b196', 'text': "Cats can not be spelled as 'test'.", 'createdAt': '2020-09-15T06:43:04.961Z', 'updatedAt': '2020-09-15T06:43:04.961Z', '__v': 0}, {'used': False, 'source': 'api', 'type': 'cat', 'deleted': False, '_id': '591f98803b90f7150a19c1eb', '__v': 0, 'text': 'When a domestic cat goes after mice, about 1 pounce in 3 results in a catch.', 'updatedAt': '2020-08-23T20:20:01.611Z', 'createdAt': '2018-05-05T20:20:02.701Z', 'status': {'verified': True, 'sentCount': 1}, 'user': '5a9ac18c7478810ea6c06381'}, {'used': False, 'source': 'api', 'type': 'cat', 'deleted': False, '_id': '591f98783b90f7150a19c18d', '__v': 0, 'text': "The ancient Egyptians were the first civilisation to realise the cat's potential as a vermin hunter and tamed cats to protect the corn supplies on which their lives depended.", 'updatedAt': '2020-08-23T20:20:01.611Z', 'createdAt': '2018-01-04T01:10:54.673Z', 'status': {'verified': True, 'sentCount': 1}, 'user': '5a9ac18c7478810ea6c06381'}, {'used': True, 'source': 'user', 'type': 'cat', 'deleted': False, '_id': '5887e1d85c873e0011036889', 'user': '5a9ac18c7478810ea6c06381', 'text': 'Cats make about 100 different sounds. Dogs make only about 10.', '__v': 0, 'updatedAt': '2020-09-03T16:39:39.578Z', 'createdAt': '2018-01-15T21:20:00.003Z', 'status': {'verified': True, 'feedback': '', 'sentCount': 1}}, {'used': False, 'source': 'user', 'type': 'cat', 'deleted': False, '_id': '590b9d90229d260020af0b06', 'user': '5a9ac18c7478810ea6c06381', 'text': "Evidence suggests domesticated cats have been around since 3600 B.C., 2,000 years before Egypt's pharaohs.", '__v': 0, 'updatedAt': '2020-08-23T20:20:01.611Z', 'createdAt': '2018-02-10T21:20:03.480Z', 'status': {'verified': True, 'sentCount': 1}}, {'used': True, 'source': 'user', 'type': 'cat', 'deleted': False, '_id': '5b4912c60508220014ccfe99', 'updatedAt': '2020-09-18T20:20:09.918Z', 'createdAt': '2018-07-20T20:20:03.770Z', 'user': '5a9ac18c7478810ea6c06381', 'text': 'Cats aren’t the only animals that purr — squirrels, lemurs, elephants, and even gorillas purr too.', '__v': 0, 'status': {'verified': True, 'sentCount': 1}}, {'used': False, 'source': 'api', 'type': 'cat', 'deleted': False, '_id': '591f98703b90f7150a19c157', '__v': 0, 'text': 'The Maine Coone is the only native American long haired breed.', 'updatedAt': '2020-08-23T20:20:01.611Z', 'createdAt': '2018-01-04T01:10:54.673Z', 'status': {'verified': True, 'sentCount': 1}, 'user': '5a9ac18c7478810ea6c06381'}, {'used': True, 'source': 'user', 'type': 'cat', 'deleted': False, '_id': '58e00b1f0aac31001185ed1e', 'user': '58e007480aac31001185ecef', 'text': 'In the 15th century, Pope Innocent VIII began ordering the killing of cats, pronouncing them demonic.', '__v': 0, 'updatedAt': '2020-08-23T20:20:01.780Z', 'createdAt': '2018-01-07T21:20:02.624Z', 'status': {'verified': True, 'sentCount': 1}}, {'used': False, 'source': 'user', 'type': 'cat', 'deleted': False, '_id': '5a4d75e46ef087002174c284', 'updatedAt': '2020-08-23T20:20:01.611Z', 'createdAt': '2018-04-05T20:20:05.171Z', 'user': '5a9ac18c7478810ea6c06381', 'text': 'Cats have about 130,000 hairs per square inch (20,155 hairs per square centimeter).', '__v': 0, 'status': {'verified': True, 'sentCount': 1}}, {'used': False, 'source': 'user', 'type': 'cat', 'deleted': False, '_id': '5d38b29f0f1c57001592f130', 'user': '5a9ac18c7478810ea6c06381', 'text': 'The Abyssinian, the Siamese, and the American Shorthair were crossbred to produce the Ocicat breed.', 'createdAt': '2019-07-24T19:33:51.289Z', 'updatedAt': '2020-08-23T20:20:01.611Z', '__v': 0, 'status': {'verified': True, 'sentCount': 1}}, {'used': False, 'source': 'user', 'type': 'cat', 'deleted': False, '_id': '5daa192179186100154250c4', 'user': '5daa103779186100154250bd', 'text': 'GitHub is a cloud source version control system where its mascot is an octocat, an anthropomorphized cat with five tentacles.', 'createdAt': '2019-10-18T19:57:21.696Z', 'updatedAt': '2020-08-23T20:20:01.611Z', '__v': 0, 'status': {'verified': True, 'sentCount': 1}}, {'used': False, 'source': 'user', 'type': 'cat', 'deleted': False, '_id': '59ceab6d5c87bf0020b94e0a', 'updatedAt': '2020-08-23T20:20:01.611Z', 'createdAt': '2018-02-06T21:20:02.586Z', 'user': '5a9ac18c7478810ea6c06381', 'text': 'The Bombay cat breed was developed to resemble a miniature panther.', '__v': 0, 'status': {'verified': True, 'sentCount': 1}}, {'used': False, 'source': 'api', 'type': 'cat', 'deleted': False, '_id': '591f98803b90f7150a19c238', '__v': 0, 'text': 'In 1987 cats overtook dogs as the number one pet in America.', 'updatedAt': '2020-08-23T20:20:01.611Z', 'createdAt': '2018-01-04T01:10:54.673Z', 'status': {'verified': True, 'sentCount': 1}, 'user': '5a9ac18c7478810ea6c06381'}, {'used': False, 'source': 'user', 'type': 'cat', 'deleted': False, '_id': '5a026058134ec2001f032f92', 'updatedAt': '2020-08-23T20:20:01.611Z', 'createdAt': '2018-02-04T21:20:02.388Z', 'user': '5a9ac18c7478810ea6c06381', 'text': 'For a cat at rest, the average heart rate usually is between 150 and 180 bpm, more than twice that of a human, which averages 70 bpm.', '__v': 0, 'status': {'verified': True, 'sentCount': 1}}, {'used': False, 'source': 'api', 'type': 'cat', 'deleted': False, '_id': '591f7aab0cf1d60ee8afcd61', '__v': 0, 'text': "A cat's brain is more similar to a man's brain than that of a dog.", 'updatedAt': '2020-08-23T20:20:01.611Z', 'createdAt': '2018-01-04T01:10:54.673Z', 'status': {'verified': True, 'sentCount': 1}, 'user': '5a9ac18c7478810ea6c06381'}, {'used': False, 'source': 'api', 'type': 'cat', 'deleted': False, '_id': '591f98703b90f7150a19c17f', '__v': 0, 'text': 'Ailurophile is the word cat lovers are officially called.', 'updatedAt': '2020-08-23T20:20:01.611Z', 'createdAt': '2018-07-13T20:20:02.718Z', 'status': {'verified': True, 'sentCount': 1}, 'user': '5a9ac18c7478810ea6c06381'}, {'used': False, 'source': 'user', 'type': 'cat', 'deleted': False, '_id': '5c475ca8a99c3f00140fe4d0', 'updatedAt': '2020-08-23T20:20:01.611Z', 'createdAt': '2019-01-22T18:10:48.215Z', 'user': '5a9ac18c7478810ea6c06381', 'text': 'Loyal, playful, and alert, Manx are considered to be more "doglike" than other cats.', '__v': 0, 'status': {'verified': True, 'sentCount': 1}}, {'used': False, 'source': 'api', 'type': 'cat', 'deleted': False, '_id': '591f98703b90f7150a19c14b', '__v': 0, 'text': 'Edward Lear, author of "The Owl and the Pussycat", is said to have had his new house in San Remo built to exactly the same specification as his previous residence, so that his much-loved tabby, Foss, would immediately feel at home.', 'updatedAt': '2020-08-23T20:20:01.611Z', 'createdAt': '2018-01-04T01:10:54.673Z', 'status': {'verified': True, 'sentCount': 1}, 'user': '5a9ac18c7478810ea6c06381'}, {'used': False, 'source': 'user', 'type': 'cat', 'deleted': False, '_id': '5d38be370f1c57001592f158', 'user': '5a9ac18c7478810ea6c06381', 'text': 'Kittens typically begin to engage in playful behavior at around four weeks of age.', 'createdAt': '2019-07-24T20:23:19.615Z', 'updatedAt': '2020-08-23T20:20:01.611Z', '__v': 0, 'status': {'verified': True, 'sentCount': 1}}, {'used': False, 'source': 'user', 'type': 'cat', 'deleted': False, '_id': '5c475c86a99c3f00140fe4cf', 'updatedAt': '2020-08-23T20:20:01.611Z', 'createdAt': '2019-01-22T18:10:14.990Z', 'user': '5a9ac18c7478810ea6c06381', 'text': "The Manx hails from the Isle of Man in the Irish Sea, and many Manx are tailless, a condition believed to have been caused by a dominant genetic mutation that spread among the island's cat population.", '__v': 0, 'status': {'verified': True, 'sentCount': 1}}, {'used': False, 'source': 'user', 'type': 'cat', 'deleted': False, '_id': '5b085f85be3157001432164f', 'updatedAt': '2020-08-23T20:20:01.611Z', 'createdAt': '2018-05-25T20:20:01.227Z', 'user': '5a9ac18c7478810ea6c06381', 'text': 'The Australian\xa0Wildlife\xa0Conservancy completed a 44km cat-proof fence in 2018 to prevent feral cats from entering the Newhaven wildlife sanctuary, who\xa0kill about a million native birds every night across Australia and have caused the extinction of 20 native species.', '__v': 0, 'status': {'verified': True, 'sentCount': 1}}, {'used': False, 'source': 'user', 'type': 'dog', 'deleted': False, '_id': '5b7a03012048fd0014e9d87e', 'updatedAt': '2020-08-23T20:20:01.611Z', 'createdAt': '2018-08-19T23:53:37.947Z', 'user': '5a9ac18c7478810ea6c06381', 'text': 'It was recently discovered that dogs do see in color, just not as vivid as we see.', '__v': 0, 'status': {'verified': True, 'sentCount': 1}}, {'used': False, 'source': 'user', 'type': 'cat', 'deleted': False, '_id': '5a4d76b16ef087002174c28c', 'updatedAt': '2020-08-23T20:20:01.611Z', 'createdAt': '2018-07-07T20:20:01.381Z', 'user': '5a9ac18c7478810ea6c06381', 'text': 'The first cartoon cat was Felix the Cat in 1919. In 1940, Tom and Jerry starred in the first theatrical cartoon “Puss Gets the Boot.” In 1981 Andrew Lloyd Weber created the musical Cats, based on T.S. Eliot’s Old Possum’s Book of Practical Cats.', '__v': 0, 'status': {'verified': True, 'sentCount': 1}}, {'used': False, 'source': 'api', 'type': 'cat', 'deleted': False, '_id': '591f98883b90f7150a19c283', '__v': 0, 'text': "The more cats are spoken to, the more they will speak back. You will learn a lot from your cat's wide vocabulary of chirps and meows.", 'updatedAt': '2020-08-23T20:20:01.611Z', 'createdAt': '2018-01-04T01:10:54.673Z', 'status': {'verified': True, 'sentCount': 1}, 'user': '5a9ac18c7478810ea6c06381'}, {'used': False, 'source': 'api', 'type': 'cat', 'deleted': False, '_id': '591f9854c5cbe314f7a7ad33', '__v': 0, 'text': 'Normal body temperature for a cat is 102 degrees F.', 'updatedAt': '2020-08-23T20:20:01.611Z', 'createdAt': '2018-01-04T01:10:54.673Z', 'status': {'verified': True, 'sentCount': 1}, 'user': '5a9ac18c7478810ea6c06381'}, {'used': False, 'source': 'api', 'type': 'cat', 'deleted': False, '_id': '591f98783b90f7150a19c1ad', '__v': 0, 'text': 'The catnip plant contains an oil called hepetalactone which does for cats what marijuana does to some people. Not all cats react to it those that do appear to enter a trancelike state. A positive reaction takes the form of the cat sniffing the catnip, then licking, biting, chewing it, rub &amp; rolling on it repeatedly, purring, meowing &amp; even leaping in the air.', 'updatedAt': '2020-08-23T20:20:01.611Z', 'createdAt': '2018-04-20T20:27:41.961Z', 'status': {'verified': True, 'sentCount': 1}, 'user': '5a9ac18c7478810ea6c06381'}, {'used': False, 'source': 'api', 'type': 'cat', 'deleted': False, '_id': '591f98783b90f7150a19c1be', '__v': 0, 'text': 'Of all the species of cats, the domestic cat is the only species able to hold its tail vertically while walking. All species of wild cats hold their tail horizontally or tucked between their legs while walking.', 'updatedAt': '2020-08-23T20:20:01.611Z', 'createdAt': '2018-01-04T01:10:54.673Z', 'status': {'verified': True, 'sentCount': 1}, 'user': '5a9ac18c7478810ea6c06381'}, {'used': False, 'source': 'user', 'type': 'cat', 'deleted': False, '_id': '5f3ced0d0c28e900174a4371', 'user': '5f3cecda0c28e900174a4370', 'text': 'The life expectancy of a cat that is living indoors is typically about 16.9 years, while the life expectancy of one living outdoors is 5.6 years.', 'createdAt': '2020-08-19T09:12:45.265Z', 'updatedAt': '2020-08-23T20:20:01.611Z', '__v': 0}, {'used': False, 'source': 'user', 'type': 'cat', 'deleted': False, '_id': '5d38b7170f1c57001592f137', 'user': '5a9ac18c7478810ea6c06381', 'text': 'The wild-looking but domestic Ocicat is named for its resemblance to the ocelot, a small South American wild cat.', 'createdAt': '2019-07-24T19:52:55.981Z', 'updatedAt': '2020-08-23T20:20:01.611Z', '__v': 0, 'status': {'verified': True, 'sentCount': 1}}, {'used': False, 'source': 'user', 'type': 'cat', 'deleted': False, '_id': '5a038dae8e3dbc001f719792', 'updatedAt': '2020-08-23T20:20:01.611Z', 'createdAt': '2018-02-03T21:20:03.815Z', 'user': '5a9ac18c7478810ea6c06381', 'text': "Cucumbers look enough like a snake to cause a cat's instinctive fear of snakes to kick in, causing it to panic and flee.", '__v': 0, 'status': {'verified': True, 'sentCount': 1}}, {'used': False, 'source': 'user', 'type': 'cat', 'deleted': False, '_id': '5c489117e4f6130014c987b9', 'updatedAt': '2020-08-23T20:20:01.611Z', 'createdAt': '2019-01-23T16:06:47.398Z', 'user': '5a9ac18c7478810ea6c06381', 'text': 'Leonardo da Vinci created a series of drawings titled "Study of Cat Movements and Positions", which consists of more than twenty drawings of cats and lions lying a sleep, sitting, playing, and fighting.', '__v': 0, 'status': {'verified': True, 'sentCount': 1}}, {'used': False, 'source': 'user', 'type': 'dog', 'deleted': False, '_id': '5b7a02502048fd0014e9d871', 'updatedAt': '2020-08-23T20:20:01.611Z', 'createdAt': '2018-08-19T23:50:40.069Z', 'user': '5a9ac18c7478810ea6c06381', 'text': 'According to a recent survey, the most popular name for a dog is Max. Other popular names include Molly, Sam, Zach, and Maggie.', '__v': 0, 'status': {'verified': True, 'sentCount': 1}}, {'used': False, 'source': 'user', 'type': 'cat', 'deleted': False, '_id': '58e008800aac31001185ed07', 'user': '58e007480aac31001185ecef', 'text': 'Wikipedia has a recording of a cat meowing, because why not?', '__v': 0, 'updatedAt': '2020-08-23T20:20:01.611Z', 'createdAt': '2018-03-06T21:20:03.505Z', 'status': {'verified': True, 'sentCount': 1}}, {'used': False, 'source': 'api', 'type': 'cat', 'deleted': False, '_id': '591f982c8dec2e14e3c20b18', '__v': 0, 'text': 'A cat will spend nearly 30% of her life grooming herself.', 'updatedAt': '2020-08-23T20:20:01.611Z', 'createdAt': '2018-05-30T20:20:02.878Z', 'status': {'verified': True, 'sentCount': 1}, 'user': '5a9ac18c7478810ea6c06381'}, {'used': False, 'source': 'api', 'type': 'cat', 'deleted': False, '_id': '591f98803b90f7150a19c205', '__v': 0, 'text': "Besides smelling with their nose, cats can smell with an additional organ called the Jacobson's organ, located in the upper surface of the mouth.", 'updatedAt': '2020-08-23T20:20:01.611Z', 'createdAt': '2018-01-04T01:10:54.673Z', 'status': {'verified': True, 'sentCount': 1}, 'user': '5a9ac18c7478810ea6c06381'}, {'used': False, 'source': 'api', 'type': 'cat', 'deleted': False, '_id': '591f98783b90f7150a19c192', '__v': 0, 'text': 'When a cat drinks, its tongue - which has tiny barbs on it - scoops the liquid up backwards.', 'updatedAt': '2020-08-23T20:20:01.611Z', 'createdAt': '2018-05-09T20:24:01.979Z', 'status': {'verified': True, 'sentCount': 1}, 'user': '5a9ac18c7478810ea6c06381'}, {'used': False, 'source': 'user', 'type': 'dog', 'deleted': False, '_id': '5b7a031a2048fd0014e9d882', 'updatedAt': '2020-08-23T20:20:01.611Z', 'createdAt': '2018-08-19T23:54:02.736Z', 'user': '5a9ac18c7478810ea6c06381', 'text': 'The Basenji is the only barkless dog in the world.', '__v': 0, 'status': {'verified': True, 'sentCount': 1}}, {'used': False, 'source': 'user', 'type': 'cat', 'deleted': False, '_id': '5b1b4014841d9700146158d0', 'updatedAt': '2020-08-23T20:20:01.611Z', 'createdAt': '2018-06-10T20:20:02.436Z', 'user': '5a9ac18c7478810ea6c06381', 'text': 'In 1879, Belgium unsuccessfully tried to use cats to deliver mail.', '__v': 0, 'status': {'verified': True, 'sentCount': 1}}, {'used': False, 'source': 'user', 'type': 'cat', 'deleted': False, '_id': '5c35531e8e0b8d00148d45e8', 'updatedAt': '2020-08-23T20:20:01.611Z', 'createdAt': '2019-01-09T01:49:18.342Z', 'user': '5a9ac18c7478810ea6c06381', 'text': "If you grow your own catnip, here's how to prepare it for kitty's enjoyment: Cut several stalks of the plant from the base. Hang them upside down in a dark and dry room for several weeks. Then cut the catnip into small pieces, rub some on your cat's favorite toys or scratching post, and let the games begin!", '__v': 0, 'status': {'verified': True, 'sentCount': 1}}, {'used': False, 'source': 'api', 'type': 'cat', 'deleted': False, '_id': '591f98783b90f7150a19c193', '__v': 0, 'text': 'Some common houseplants poisonous to cats include: English Ivy, iris, mistletoe, philodendron, and yew.', 'updatedAt': '2020-08-23T20:20:01.611Z', 'createdAt': '2018-01-04T01:10:54.673Z', 'status': {'verified': True, 'sentCount': 1}, 'user': '5a9ac18c7478810ea6c06381'}, {'used': False, 'source': 'user', 'type': 'cat', 'deleted': False, '_id': '5cd42b77cfdf230015bd7a45', 'updatedAt': '2020-08-23T20:20:01.611Z', 'createdAt': '2019-05-09T13:30:31.562Z', 'user': '5cd42b40cfdf230015bd7a44', 'text': 'Cats can sense distress from a human being.', '__v': 0, 'status': {'verified': True, 'sentCount': 1}}]</msg>
<status status="PASS" starttime="20201007 02:35:09.832" endtime="20201007 02:35:09.835"></status>
</kw>
<kw name="${index} IN RANGE [ 0 | ${amount} ]" type="for">
<kw name="${index} = 0" type="foritem">
<kw name="Set Variable" library="BuiltIn">
<doc>Returns the given values which can then be assigned to a variables.</doc>
<arguments>
<arg>${response_data[${index}]['type']}</arg>
</arguments>
<assign>
<var>${type}</var>
</assign>
<msg timestamp="20201007 02:35:09.836" level="INFO">${type} = cat</msg>
<status status="PASS" starttime="20201007 02:35:09.835" endtime="20201007 02:35:09.836"></status>
</kw>
<kw name="Evaluate" library="BuiltIn">
<doc>Evaluates the given expression in Python and returns the result.</doc>
<arguments>
<arg>"${type}" in "${animal_type}"</arg>
</arguments>
<assign>
<var>${contains}</var>
</assign>
<msg timestamp="20201007 02:35:09.836" level="INFO">${contains} = True</msg>
<status status="PASS" starttime="20201007 02:35:09.836" endtime="20201007 02:35:09.836"></status>
</kw>
<kw name="Should Be True" library="BuiltIn">
<doc>Fails if the given condition is not true.</doc>
<arguments>
<arg>${contains}</arg>
<arg>attribute 'type' returned in reponse is not same as animal_type sent in the request</arg>
</arguments>
<status status="PASS" starttime="20201007 02:35:09.837" endtime="20201007 02:35:09.837"></status>
</kw>
<kw name="Should Match Regexp" library="BuiltIn">
<doc>Fails if ``string`` does not match ``pattern`` as a regular expression.</doc>
<arguments>
<arg>${response_data[${index}]['_id']}</arg>
<arg>^([a-zA-Z0-9])*$</arg>
<arg>invalid data type of attribute '_id'</arg>
</arguments>
<status status="PASS" starttime="20201007 02:35:09.837" endtime="20201007 02:35:09.837"></status>
</kw>
<status status="PASS" starttime="20201007 02:35:09.835" endtime="20201007 02:35:09.837"></status>
</kw>
<kw name="${index} = 1" type="foritem">
<kw name="Set Variable" library="BuiltIn">
<doc>Returns the given values which can then be assigned to a variables.</doc>
<arguments>
<arg>${response_data[${index}]['type']}</arg>
</arguments>
<assign>
<var>${type}</var>
</assign>
<msg timestamp="20201007 02:35:09.838" level="INFO">${type} = cat</msg>
<status status="PASS" starttime="20201007 02:35:09.838" endtime="20201007 02:35:09.838"></status>
</kw>
<kw name="Evaluate" library="BuiltIn">
<doc>Evaluates the given expression in Python and returns the result.</doc>
<arguments>
<arg>"${type}" in "${animal_type}"</arg>
</arguments>
<assign>
<var>${contains}</var>
</assign>
<msg timestamp="20201007 02:35:09.839" level="INFO">${contains} = True</msg>
<status status="PASS" starttime="20201007 02:35:09.838" endtime="20201007 02:35:09.839"></status>
</kw>
<kw name="Should Be True" library="BuiltIn">
<doc>Fails if the given condition is not true.</doc>
<arguments>
<arg>${contains}</arg>
<arg>attribute 'type' returned in reponse is not same as animal_type sent in the request</arg>
</arguments>
<status status="PASS" starttime="20201007 02:35:09.839" endtime="20201007 02:35:09.839"></status>
</kw>
<kw name="Should Match Regexp" library="BuiltIn">
<doc>Fails if ``string`` does not match ``pattern`` as a regular expression.</doc>
<arguments>
<arg>${response_data[${index}]['_id']}</arg>
<arg>^([a-zA-Z0-9])*$</arg>
<arg>invalid data type of attribute '_id'</arg>
</arguments>
<status status="PASS" starttime="20201007 02:35:09.839" endtime="20201007 02:35:09.839"></status>
</kw>
<status status="PASS" starttime="20201007 02:35:09.837" endtime="20201007 02:35:09.839"></status>
</kw>
<kw name="${index} = 2" type="foritem">
<kw name="Set Variable" library="BuiltIn">
<doc>Returns the given values which can then be assigned to a variables.</doc>
<arguments>
<arg>${response_data[${index}]['type']}</arg>
</arguments>
<assign>
<var>${type}</var>
</assign>
<msg timestamp="20201007 02:35:09.840" level="INFO">${type} = cat</msg>
<status status="PASS" starttime="20201007 02:35:09.840" endtime="20201007 02:35:09.840"></status>
</kw>
<kw name="Evaluate" library="BuiltIn">
<doc>Evaluates the given expression in Python and returns the result.</doc>
<arguments>
<arg>"${type}" in "${animal_type}"</arg>
</arguments>
<assign>
<var>${contains}</var>
</assign>
<msg timestamp="20201007 02:35:09.844" level="INFO">${contains} = True</msg>
<status status="PASS" starttime="20201007 02:35:09.841" endtime="20201007 02:35:09.844"></status>
</kw>
<kw name="Should Be True" library="BuiltIn">
<doc>Fails if the given condition is not true.</doc>
<arguments>
<arg>${contains}</arg>
<arg>attribute 'type' returned in reponse is not same as animal_type sent in the request</arg>
</arguments>
<status status="PASS" starttime="20201007 02:35:09.845" endtime="20201007 02:35:09.845"></status>
</kw>
<kw name="Should Match Regexp" library="BuiltIn">
<doc>Fails if ``string`` does not match ``pattern`` as a regular expression.</doc>
<arguments>
<arg>${response_data[${index}]['_id']}</arg>
<arg>^([a-zA-Z0-9])*$</arg>
<arg>invalid data type of attribute '_id'</arg>
</arguments>
<status status="PASS" starttime="20201007 02:35:09.846" endtime="20201007 02:35:09.849"></status>
</kw>
<status status="PASS" starttime="20201007 02:35:09.840" endtime="20201007 02:35:09.849"></status>
</kw>
<kw name="${index} = 3" type="foritem">
<kw name="Set Variable" library="BuiltIn">
<doc>Returns the given values which can then be assigned to a variables.</doc>
<arguments>
<arg>${response_data[${index}]['type']}</arg>
</arguments>
<assign>
<var>${type}</var>
</assign>
<msg timestamp="20201007 02:35:09.851" level="INFO">${type} = cat</msg>
<status status="PASS" starttime="20201007 02:35:09.849" endtime="20201007 02:35:09.851"></status>
</kw>
<kw name="Evaluate" library="BuiltIn">
<doc>Evaluates the given expression in Python and returns the result.</doc>
<arguments>
<arg>"${type}" in "${animal_type}"</arg>
</arguments>
<assign>
<var>${contains}</var>
</assign>
<msg timestamp="20201007 02:35:09.854" level="INFO">${contains} = True</msg>
<status status="PASS" starttime="20201007 02:35:09.852" endtime="20201007 02:35:09.854"></status>
</kw>
<kw name="Should Be True" library="BuiltIn">
<doc>Fails if the given condition is not true.</doc>
<arguments>
<arg>${contains}</arg>
<arg>attribute 'type' returned in reponse is not same as animal_type sent in the request</arg>
</arguments>
<status status="PASS" starttime="20201007 02:35:09.854" endtime="20201007 02:35:09.855"></status>
</kw>
<kw name="Should Match Regexp" library="BuiltIn">
<doc>Fails if ``string`` does not match ``pattern`` as a regular expression.</doc>
<arguments>
<arg>${response_data[${index}]['_id']}</arg>
<arg>^([a-zA-Z0-9])*$</arg>
<arg>invalid data type of attribute '_id'</arg>
</arguments>
<status status="PASS" starttime="20201007 02:35:09.855" endtime="20201007 02:35:09.856"></status>
</kw>
<status status="PASS" starttime="20201007 02:35:09.849" endtime="20201007 02:35:09.856"></status>
</kw>
<kw name="${index} = 4" type="foritem">
<kw name="Set Variable" library="BuiltIn">
<doc>Returns the given values which can then be assigned to a variables.</doc>
<arguments>
<arg>${response_data[${index}]['type']}</arg>
</arguments>
<assign>
<var>${type}</var>
</assign>
<msg timestamp="20201007 02:35:09.858" level="INFO">${type} = cat</msg>
<status status="PASS" starttime="20201007 02:35:09.856" endtime="20201007 02:35:09.859"></status>
</kw>
<kw name="Evaluate" library="BuiltIn">
<doc>Evaluates the given expression in Python and returns the result.</doc>
<arguments>
<arg>"${type}" in "${animal_type}"</arg>
</arguments>
<assign>
<var>${contains}</var>
</assign>
<msg timestamp="20201007 02:35:09.860" level="INFO">${contains} = True</msg>
<status status="PASS" starttime="20201007 02:35:09.859" endtime="20201007 02:35:09.860"></status>
</kw>
<kw name="Should Be True" library="BuiltIn">
<doc>Fails if the given condition is not true.</doc>
<arguments>
<arg>${contains}</arg>
<arg>attribute 'type' returned in reponse is not same as animal_type sent in the request</arg>
</arguments>
<status status="PASS" starttime="20201007 02:35:09.860" endtime="20201007 02:35:09.862"></status>
</kw>
<kw name="Should Match Regexp" library="BuiltIn">
<doc>Fails if ``string`` does not match ``pattern`` as a regular expression.</doc>
<arguments>
<arg>${response_data[${index}]['_id']}</arg>
<arg>^([a-zA-Z0-9])*$</arg>
<arg>invalid data type of attribute '_id'</arg>
</arguments>
<status status="PASS" starttime="20201007 02:35:09.862" endtime="20201007 02:35:09.863"></status>
</kw>
<status status="PASS" starttime="20201007 02:35:09.856" endtime="20201007 02:35:09.863"></status>
</kw>
<kw name="${index} = 5" type="foritem">
<kw name="Set Variable" library="BuiltIn">
<doc>Returns the given values which can then be assigned to a variables.</doc>
<arguments>
<arg>${response_data[${index}]['type']}</arg>
</arguments>
<assign>
<var>${type}</var>
</assign>
<msg timestamp="20201007 02:35:09.864" level="INFO">${type} = cat</msg>
<status status="PASS" starttime="20201007 02:35:09.864" endtime="20201007 02:35:09.864"></status>
</kw>
<kw name="Evaluate" library="BuiltIn">
<doc>Evaluates the given expression in Python and returns the result.</doc>
<arguments>
<arg>"${type}" in "${animal_type}"</arg>
</arguments>
<assign>
<var>${contains}</var>
</assign>
<msg timestamp="20201007 02:35:09.865" level="INFO">${contains} = True</msg>
<status status="PASS" starttime="20201007 02:35:09.864" endtime="20201007 02:35:09.865"></status>
</kw>
<kw name="Should Be True" library="BuiltIn">
<doc>Fails if the given condition is not true.</doc>
<arguments>
<arg>${contains}</arg>
<arg>attribute 'type' returned in reponse is not same as animal_type sent in the request</arg>
</arguments>
<status status="PASS" starttime="20201007 02:35:09.865" endtime="20201007 02:35:09.865"></status>
</kw>
<kw name="Should Match Regexp" library="BuiltIn">
<doc>Fails if ``string`` does not match ``pattern`` as a regular expression.</doc>
<arguments>
<arg>${response_data[${index}]['_id']}</arg>
<arg>^([a-zA-Z0-9])*$</arg>
<arg>invalid data type of attribute '_id'</arg>
</arguments>
<status status="PASS" starttime="20201007 02:35:09.865" endtime="20201007 02:35:09.866"></status>
</kw>
<status status="PASS" starttime="20201007 02:35:09.864" endtime="20201007 02:35:09.866"></status>
</kw>
<kw name="${index} = 6" type="foritem">
<kw name="Set Variable" library="BuiltIn">
<doc>Returns the given values which can then be assigned to a variables.</doc>
<arguments>
<arg>${response_data[${index}]['type']}</arg>
</arguments>
<assign>
<var>${type}</var>
</assign>
<msg timestamp="20201007 02:35:09.866" level="INFO">${type} = cat</msg>
<status status="PASS" starttime="20201007 02:35:09.866" endtime="20201007 02:35:09.867"></status>
</kw>
<kw name="Evaluate" library="BuiltIn">
<doc>Evaluates the given expression in Python and returns the result.</doc>
<arguments>
<arg>"${type}" in "${animal_type}"</arg>
</arguments>
<assign>
<var>${contains}</var>
</assign>
<msg timestamp="20201007 02:35:09.867" level="INFO">${contains} = True</msg>
<status status="PASS" starttime="20201007 02:35:09.867" endtime="20201007 02:35:09.867"></status>
</kw>
<kw name="Should Be True" library="BuiltIn">
<doc>Fails if the given condition is not true.</doc>
<arguments>
<arg>${contains}</arg>
<arg>attribute 'type' returned in reponse is not same as animal_type sent in the request</arg>
</arguments>
<status status="PASS" starttime="20201007 02:35:09.867" endtime="20201007 02:35:09.867"></status>
</kw>
<kw name="Should Match Regexp" library="BuiltIn">
<doc>Fails if ``string`` does not match ``pattern`` as a regular expression.</doc>
<arguments>
<arg>${response_data[${index}]['_id']}</arg>
<arg>^([a-zA-Z0-9])*$</arg>
<arg>invalid data type of attribute '_id'</arg>
</arguments>
<status status="PASS" starttime="20201007 02:35:09.868" endtime="20201007 02:35:09.868"></status>
</kw>
<status status="PASS" starttime="20201007 02:35:09.866" endtime="20201007 02:35:09.868"></status>
</kw>
<kw name="${index} = 7" type="foritem">
<kw name="Set Variable" library="BuiltIn">
<doc>Returns the given values which can then be assigned to a variables.</doc>
<arguments>
<arg>${response_data[${index}]['type']}</arg>
</arguments>
<assign>
<var>${type}</var>
</assign>
<msg timestamp="20201007 02:35:09.869" level="INFO">${type} = cat</msg>
<status status="PASS" starttime="20201007 02:35:09.868" endtime="20201007 02:35:09.869"></status>
</kw>
<kw name="Evaluate" library="BuiltIn">
<doc>Evaluates the given expression in Python and returns the result.</doc>
<arguments>
<arg>"${type}" in "${animal_type}"</arg>
</arguments>
<assign>
<var>${contains}</var>
</assign>
<msg timestamp="20201007 02:35:09.869" level="INFO">${contains} = True</msg>
<status status="PASS" starttime="20201007 02:35:09.869" endtime="20201007 02:35:09.869"></status>
</kw>
<kw name="Should Be True" library="BuiltIn">
<doc>Fails if the given condition is not true.</doc>
<arguments>
<arg>${contains}</arg>
<arg>attribute 'type' returned in reponse is not same as animal_type sent in the request</arg>
</arguments>
<status status="PASS" starttime="20201007 02:35:09.869" endtime="20201007 02:35:09.869"></status>
</kw>
<kw name="Should Match Regexp" library="BuiltIn">
<doc>Fails if ``string`` does not match ``pattern`` as a regular expression.</doc>
<arguments>
<arg>${response_data[${index}]['_id']}</arg>
<arg>^([a-zA-Z0-9])*$</arg>
<arg>invalid data type of attribute '_id'</arg>
</arguments>
<status status="PASS" starttime="20201007 02:35:09.870" endtime="20201007 02:35:09.870"></status>
</kw>
<status status="PASS" starttime="20201007 02:35:09.868" endtime="20201007 02:35:09.870"></status>
</kw>
<kw name="${index} = 8" type="foritem">
<kw name="Set Variable" library="BuiltIn">
<doc>Returns the given values which can then be assigned to a variables.</doc>
<arguments>
<arg>${response_data[${index}]['type']}</arg>
</arguments>
<assign>
<var>${type}</var>
</assign>
<msg timestamp="20201007 02:35:09.871" level="INFO">${type} = cat</msg>
<status status="PASS" starttime="20201007 02:35:09.870" endtime="20201007 02:35:09.871"></status>
</kw>
<kw name="Evaluate" library="BuiltIn">
<doc>Evaluates the given expression in Python and returns the result.</doc>
<arguments>
<arg>"${type}" in "${animal_type}"</arg>
</arguments>
<assign>
<var>${contains}</var>
</assign>
<msg timestamp="20201007 02:35:09.872" level="INFO">${contains} = True</msg>
<status status="PASS" starttime="20201007 02:35:09.871" endtime="20201007 02:35:09.872"></status>
</kw>
<kw name="Should Be True" library="BuiltIn">
<doc>Fails if the given condition is not true.</doc>
<arguments>
<arg>${contains}</arg>
<arg>attribute 'type' returned in reponse is not same as animal_type sent in the request</arg>
</arguments>
<status status="PASS" starttime="20201007 02:35:09.873" endtime="20201007 02:35:09.875"></status>
</kw>
<kw name="Should Match Regexp" library="BuiltIn">
<doc>Fails if ``string`` does not match ``pattern`` as a regular expression.</doc>
<arguments>
<arg>${response_data[${index}]['_id']}</arg>
<arg>^([a-zA-Z0-9])*$</arg>
<arg>invalid data type of attribute '_id'</arg>
</arguments>
<status status="PASS" starttime="20201007 02:35:09.875" endtime="20201007 02:35:09.876"></status>
</kw>
<status status="PASS" starttime="20201007 02:35:09.870" endtime="20201007 02:35:09.876"></status>
</kw>
<kw name="${index} = 9" type="foritem">
<kw name="Set Variable" library="BuiltIn">
<doc>Returns the given values which can then be assigned to a variables.</doc>
<arguments>
<arg>${response_data[${index}]['type']}</arg>
</arguments>
<assign>
<var>${type}</var>
</assign>
<msg timestamp="20201007 02:35:09.878" level="INFO">${type} = dog</msg>
<status status="PASS" starttime="20201007 02:35:09.877" endtime="20201007 02:35:09.878"></status>
</kw>
<kw name="Evaluate" library="BuiltIn">
<doc>Evaluates the given expression in Python and returns the result.</doc>
<arguments>
<arg>"${type}" in "${animal_type}"</arg>
</arguments>
<assign>
<var>${contains}</var>
</assign>
<msg timestamp="20201007 02:35:09.880" level="INFO">${contains} = True</msg>
<status status="PASS" starttime="20201007 02:35:09.879" endtime="20201007 02:35:09.880"></status>
</kw>
<kw name="Should Be True" library="BuiltIn">
<doc>Fails if the given condition is not true.</doc>
<arguments>
<arg>${contains}</arg>
<arg>attribute 'type' returned in reponse is not same as animal_type sent in the request</arg>
</arguments>
<status status="PASS" starttime="20201007 02:35:09.880" endtime="20201007 02:35:09.880"></status>
</kw>
<kw name="Should Match Regexp" library="BuiltIn">
<doc>Fails if ``string`` does not match ``pattern`` as a regular expression.</doc>
<arguments>
<arg>${response_data[${index}]['_id']}</arg>
<arg>^([a-zA-Z0-9])*$</arg>
<arg>invalid data type of attribute '_id'</arg>
</arguments>
<status status="PASS" starttime="20201007 02:35:09.880" endtime="20201007 02:35:09.881"></status>
</kw>
<status status="PASS" starttime="20201007 02:35:09.876" endtime="20201007 02:35:09.881"></status>
</kw>
<kw name="${index} = 10" type="foritem">
<kw name="Set Variable" library="BuiltIn">
<doc>Returns the given values which can then be assigned to a variables.</doc>
<arguments>
<arg>${response_data[${index}]['type']}</arg>
</arguments>
<assign>
<var>${type}</var>
</assign>
<msg timestamp="20201007 02:35:09.881" level="INFO">${type} = cat</msg>
<status status="PASS" starttime="20201007 02:35:09.881" endtime="20201007 02:35:09.881"></status>
</kw>
<kw name="Evaluate" library="BuiltIn">
<doc>Evaluates the given expression in Python and returns the result.</doc>
<arguments>
<arg>"${type}" in "${animal_type}"</arg>
</arguments>
<assign>
<var>${contains}</var>
</assign>
<msg timestamp="20201007 02:35:09.882" level="INFO">${contains} = True</msg>
<status status="PASS" starttime="20201007 02:35:09.882" endtime="20201007 02:35:09.882"></status>
</kw>
<kw name="Should Be True" library="BuiltIn">
<doc>Fails if the given condition is not true.</doc>
<arguments>
<arg>${contains}</arg>
<arg>attribute 'type' returned in reponse is not same as animal_type sent in the request</arg>
</arguments>
<status status="PASS" starttime="20201007 02:35:09.882" endtime="20201007 02:35:09.882"></status>
</kw>
<kw name="Should Match Regexp" library="BuiltIn">
<doc>Fails if ``string`` does not match ``pattern`` as a regular expression.</doc>
<arguments>
<arg>${response_data[${index}]['_id']}</arg>
<arg>^([a-zA-Z0-9])*$</arg>
<arg>invalid data type of attribute '_id'</arg>
</arguments>
<status status="PASS" starttime="20201007 02:35:09.882" endtime="20201007 02:35:09.883"></status>
</kw>
<status status="PASS" starttime="20201007 02:35:09.881" endtime="20201007 02:35:09.883"></status>
</kw>
<kw name="${index} = 11" type="foritem">
<kw name="Set Variable" library="BuiltIn">
<doc>Returns the given values which can then be assigned to a variables.</doc>
<arguments>
<arg>${response_data[${index}]['type']}</arg>
</arguments>
<assign>
<var>${type}</var>
</assign>
<msg timestamp="20201007 02:35:09.883" level="INFO">${type} = cat</msg>
<status status="PASS" starttime="20201007 02:35:09.883" endtime="20201007 02:35:09.883"></status>
</kw>
<kw name="Evaluate" library="BuiltIn">
<doc>Evaluates the given expression in Python and returns the result.</doc>
<arguments>
<arg>"${type}" in "${animal_type}"</arg>
</arguments>
<assign>
<var>${contains}</var>
</assign>
<msg timestamp="20201007 02:35:09.884" level="INFO">${contains} = True</msg>
<status status="PASS" starttime="20201007 02:35:09.883" endtime="20201007 02:35:09.884"></status>
</kw>
<kw name="Should Be True" library="BuiltIn">
<doc>Fails if the given condition is not true.</doc>
<arguments>
<arg>${contains}</arg>
<arg>attribute 'type' returned in reponse is not same as animal_type sent in the request</arg>
</arguments>
<status status="PASS" starttime="20201007 02:35:09.884" endtime="20201007 02:35:09.884"></status>
</kw>
<kw name="Should Match Regexp" library="BuiltIn">
<doc>Fails if ``string`` does not match ``pattern`` as a regular expression.</doc>
<arguments>
<arg>${response_data[${index}]['_id']}</arg>
<arg>^([a-zA-Z0-9])*$</arg>
<arg>invalid data type of attribute '_id'</arg>
</arguments>
<status status="PASS" starttime="20201007 02:35:09.884" endtime="20201007 02:35:09.884"></status>
</kw>
<status status="PASS" starttime="20201007 02:35:09.883" endtime="20201007 02:35:09.884"></status>
</kw>
<kw name="${index} = 12" type="foritem">
<kw name="Set Variable" library="BuiltIn">
<doc>Returns the given values which can then be assigned to a variables.</doc>
<arguments>
<arg>${response_data[${index}]['type']}</arg>
</arguments>
<assign>
<var>${type}</var>
</assign>
<msg timestamp="20201007 02:35:09.885" level="INFO">${type} = cat</msg>
<status status="PASS" starttime="20201007 02:35:09.885" endtime="20201007 02:35:09.885"></status>
</kw>
<kw name="Evaluate" library="BuiltIn">
<doc>Evaluates the given expression in Python and returns the result.</doc>
<arguments>
<arg>"${type}" in "${animal_type}"</arg>
</arguments>
<assign>
<var>${contains}</var>
</assign>
<msg timestamp="20201007 02:35:09.885" level="INFO">${contains} = True</msg>
<status status="PASS" starttime="20201007 02:35:09.885" endtime="20201007 02:35:09.885"></status>
</kw>
<kw name="Should Be True" library="BuiltIn">
<doc>Fails if the given condition is not true.</doc>
<arguments>
<arg>${contains}</arg>
<arg>attribute 'type' returned in reponse is not same as animal_type sent in the request</arg>
</arguments>
<status status="PASS" starttime="20201007 02:35:09.886" endtime="20201007 02:35:09.886"></status>
</kw>
<kw name="Should Match Regexp" library="BuiltIn">
<doc>Fails if ``string`` does not match ``pattern`` as a regular expression.</doc>
<arguments>
<arg>${response_data[${index}]['_id']}</arg>
<arg>^([a-zA-Z0-9])*$</arg>
<arg>invalid data type of attribute '_id'</arg>
</arguments>
<status status="PASS" starttime="20201007 02:35:09.886" endtime="20201007 02:35:09.886"></status>
</kw>
<status status="PASS" starttime="20201007 02:35:09.885" endtime="20201007 02:35:09.886"></status>
</kw>
<kw name="${index} = 13" type="foritem">
<kw name="Set Variable" library="BuiltIn">
<doc>Returns the given values which can then be assigned to a variables.</doc>
<arguments>
<arg>${response_data[${index}]['type']}</arg>
</arguments>
<assign>
<var>${type}</var>
</assign>
<msg timestamp="20201007 02:35:09.887" level="INFO">${type} = cat</msg>
<status status="PASS" starttime="20201007 02:35:09.887" endtime="20201007 02:35:09.887"></status>
</kw>
<kw name="Evaluate" library="BuiltIn">
<doc>Evaluates the given expression in Python and returns the result.</doc>
<arguments>
<arg>"${type}" in "${animal_type}"</arg>
</arguments>
<assign>
<var>${contains}</var>
</assign>
<msg timestamp="20201007 02:35:09.887" level="INFO">${contains} = True</msg>
<status status="PASS" starttime="20201007 02:35:09.887" endtime="20201007 02:35:09.887"></status>
</kw>
<kw name="Should Be True" library="BuiltIn">
<doc>Fails if the given condition is not true.</doc>
<arguments>
<arg>${contains}</arg>
<arg>attribute 'type' returned in reponse is not same as animal_type sent in the request</arg>
</arguments>
<status status="PASS" starttime="20201007 02:35:09.887" endtime="20201007 02:35:09.888"></status>
</kw>
<kw name="Should Match Regexp" library="BuiltIn">
<doc>Fails if ``string`` does not match ``pattern`` as a regular expression.</doc>
<arguments>
<arg>${response_data[${index}]['_id']}</arg>
<arg>^([a-zA-Z0-9])*$</arg>
<arg>invalid data type of attribute '_id'</arg>
</arguments>
<status status="PASS" starttime="20201007 02:35:09.888" endtime="20201007 02:35:09.888"></status>
</kw>
<status status="PASS" starttime="20201007 02:35:09.886" endtime="20201007 02:35:09.888"></status>
</kw>
<kw name="${index} = 14" type="foritem">
<kw name="Set Variable" library="BuiltIn">
<doc>Returns the given values which can then be assigned to a variables.</doc>
<arguments>
<arg>${response_data[${index}]['type']}</arg>
</arguments>
<assign>
<var>${type}</var>
</assign>
<msg timestamp="20201007 02:35:09.890" level="INFO">${type} = cat</msg>
<status status="PASS" starttime="20201007 02:35:09.888" endtime="20201007 02:35:09.890"></status>
</kw>
<kw name="Evaluate" library="BuiltIn">
<doc>Evaluates the given expression in Python and returns the result.</doc>
<arguments>
<arg>"${type}" in "${animal_type}"</arg>
</arguments>
<assign>
<var>${contains}</var>
</assign>
<msg timestamp="20201007 02:35:09.890" level="INFO">${contains} = True</msg>
<status status="PASS" starttime="20201007 02:35:09.890" endtime="20201007 02:35:09.890"></status>
</kw>
<kw name="Should Be True" library="BuiltIn">
<doc>Fails if the given condition is not true.</doc>
<arguments>
<arg>${contains}</arg>
<arg>attribute 'type' returned in reponse is not same as animal_type sent in the request</arg>
</arguments>
<status status="PASS" starttime="20201007 02:35:09.890" endtime="20201007 02:35:09.891"></status>
</kw>
<kw name="Should Match Regexp" library="BuiltIn">
<doc>Fails if ``string`` does not match ``pattern`` as a regular expression.</doc>
<arguments>
<arg>${response_data[${index}]['_id']}</arg>
<arg>^([a-zA-Z0-9])*$</arg>
<arg>invalid data type of attribute '_id'</arg>
</arguments>
<status status="PASS" starttime="20201007 02:35:09.891" endtime="20201007 02:35:09.891"></status>
</kw>
<status status="PASS" starttime="20201007 02:35:09.888" endtime="20201007 02:35:09.891"></status>
</kw>
<kw name="${index} = 15" type="foritem">
<kw name="Set Variable" library="BuiltIn">
<doc>Returns the given values which can then be assigned to a variables.</doc>
<arguments>
<arg>${response_data[${index}]['type']}</arg>
</arguments>
<assign>
<var>${type}</var>
</assign>
<msg timestamp="20201007 02:35:09.892" level="INFO">${type} = cat</msg>
<status status="PASS" starttime="20201007 02:35:09.891" endtime="20201007 02:35:09.892"></status>
</kw>
<kw name="Evaluate" library="BuiltIn">
<doc>Evaluates the given expression in Python and returns the result.</doc>
<arguments>
<arg>"${type}" in "${animal_type}"</arg>
</arguments>
<assign>
<var>${contains}</var>
</assign>
<msg timestamp="20201007 02:35:09.892" level="INFO">${contains} = True</msg>
<status status="PASS" starttime="20201007 02:35:09.892" endtime="20201007 02:35:09.892"></status>
</kw>
<kw name="Should Be True" library="BuiltIn">
<doc>Fails if the given condition is not true.</doc>
<arguments>
<arg>${contains}</arg>
<arg>attribute 'type' returned in reponse is not same as animal_type sent in the request</arg>
</arguments>
<status status="PASS" starttime="20201007 02:35:09.892" endtime="20201007 02:35:09.892"></status>
</kw>
<kw name="Should Match Regexp" library="BuiltIn">
<doc>Fails if ``string`` does not match ``pattern`` as a regular expression.</doc>
<arguments>
<arg>${response_data[${index}]['_id']}</arg>
<arg>^([a-zA-Z0-9])*$</arg>
<arg>invalid data type of attribute '_id'</arg>
</arguments>
<status status="PASS" starttime="20201007 02:35:09.892" endtime="20201007 02:35:09.893"></status>
</kw>
<status status="PASS" starttime="20201007 02:35:09.891" endtime="20201007 02:35:09.893"></status>
</kw>
<kw name="${index} = 16" type="foritem">
<kw name="Set Variable" library="BuiltIn">
<doc>Returns the given values which can then be assigned to a variables.</doc>
<arguments>
<arg>${response_data[${index}]['type']}</arg>
</arguments>
<assign>
<var>${type}</var>
</assign>
<msg timestamp="20201007 02:35:09.893" level="INFO">${type} = cat</msg>
<status status="PASS" starttime="20201007 02:35:09.893" endtime="20201007 02:35:09.893"></status>
</kw>
<kw name="Evaluate" library="BuiltIn">
<doc>Evaluates the given expression in Python and returns the result.</doc>
<arguments>
<arg>"${type}" in "${animal_type}"</arg>
</arguments>
<assign>
<var>${contains}</var>
</assign>
<msg timestamp="20201007 02:35:09.894" level="INFO">${contains} = True</msg>
[...]
</kw>
<kw name="Should Match Regexp" library="BuiltIn">
<doc>Fails if ``string`` does not match ``pattern`` as a regular expression.</doc>
<arguments>
<arg>${response_data[${index}]['_id']}</arg>
<arg>^([a-zA-Z0-9])*$</arg>
<arg>invalid data type of attribute '_id'</arg>
</arguments>
<status status="PASS" starttime="20201007 02:35:10.030" endtime="20201007 02:35:10.030"></status>
</kw>
<status status="PASS" starttime="20201007 02:35:10.029" endtime="20201007 02:35:10.030"></status>
</kw>
<kw name="${index} = 90" type="foritem">
<kw name="Set Variable" library="BuiltIn">
<doc>Returns the given values which can then be assigned to a variables.</doc>
<arguments>
<arg>${response_data[${index}]['type']}</arg>
</arguments>
<assign>
<var>${type}</var>
</assign>
<msg timestamp="20201007 02:35:10.031" level="INFO">${type} = dog</msg>
<status status="PASS" starttime="20201007 02:35:10.030" endtime="20201007 02:35:10.031"></status>
</kw>
<kw name="Evaluate" library="BuiltIn">
<doc>Evaluates the given expression in Python and returns the result.</doc>
<arguments>
<arg>"${type}" in "${animal_type}"</arg>
</arguments>
<assign>
<var>${contains}</var>
</assign>
<msg timestamp="20201007 02:35:10.031" level="INFO">${contains} = True</msg>
<status status="PASS" starttime="20201007 02:35:10.031" endtime="20201007 02:35:10.031"></status>
</kw>
<kw name="Should Be True" library="BuiltIn">
<doc>Fails if the given condition is not true.</doc>
<arguments>
<arg>${contains}</arg>
<arg>attribute 'type' returned in reponse is not same as animal_type sent in the request</arg>
</arguments>
<status status="PASS" starttime="20201007 02:35:10.031" endtime="20201007 02:35:10.031"></status>
</kw>
<kw name="Should Match Regexp" library="BuiltIn">
<doc>Fails if ``string`` does not match ``pattern`` as a regular expression.</doc>
<arguments>
<arg>${response_data[${index}]['_id']}</arg>
<arg>^([a-zA-Z0-9])*$</arg>
<arg>invalid data type of attribute '_id'</arg>
</arguments>
<status status="PASS" starttime="20201007 02:35:10.032" endtime="20201007 02:35:10.032"></status>
</kw>
<status status="PASS" starttime="20201007 02:35:10.030" endtime="20201007 02:35:10.032"></status>
</kw>
<kw name="${index} = 91" type="foritem">
<kw name="Set Variable" library="BuiltIn">
<doc>Returns the given values which can then be assigned to a variables.</doc>
<arguments>
<arg>${response_data[${index}]['type']}</arg>
</arguments>
<assign>
<var>${type}</var>
</assign>
<msg timestamp="20201007 02:35:10.032" level="INFO">${type} = cat</msg>
<status status="PASS" starttime="20201007 02:35:10.032" endtime="20201007 02:35:10.032"></status>
</kw>
<kw name="Evaluate" library="BuiltIn">
<doc>Evaluates the given expression in Python and returns the result.</doc>
<arguments>
<arg>"${type}" in "${animal_type}"</arg>
</arguments>
<assign>
<var>${contains}</var>
</assign>
<msg timestamp="20201007 02:35:10.033" level="INFO">${contains} = True</msg>
<status status="PASS" starttime="20201007 02:35:10.033" endtime="20201007 02:35:10.033"></status>
</kw>
<kw name="Should Be True" library="BuiltIn">
<doc>Fails if the given condition is not true.</doc>
<arguments>
<arg>${contains}</arg>
<arg>attribute 'type' returned in reponse is not same as animal_type sent in the request</arg>
</arguments>
<status status="PASS" starttime="20201007 02:35:10.033" endtime="20201007 02:35:10.033"></status>
</kw>
<kw name="Should Match Regexp" library="BuiltIn">
<doc>Fails if ``string`` does not match ``pattern`` as a regular expression.</doc>
<arguments>
<arg>${response_data[${index}]['_id']}</arg>
<arg>^([a-zA-Z0-9])*$</arg>
<arg>invalid data type of attribute '_id'</arg>
</arguments>
<status status="PASS" starttime="20201007 02:35:10.033" endtime="20201007 02:35:10.034"></status>
</kw>
<status status="PASS" starttime="20201007 02:35:10.032" endtime="20201007 02:35:10.034"></status>
</kw>
<kw name="${index} = 92" type="foritem">
<kw name="Set Variable" library="BuiltIn">
<doc>Returns the given values which can then be assigned to a variables.</doc>
<arguments>
<arg>${response_data[${index}]['type']}</arg>
</arguments>
<assign>
<var>${type}</var>
</assign>
<msg timestamp="20201007 02:35:10.034" level="INFO">${type} = cat</msg>
<status status="PASS" starttime="20201007 02:35:10.034" endtime="20201007 02:35:10.034"></status>
</kw>
<kw name="Evaluate" library="BuiltIn">
<doc>Evaluates the given expression in Python and returns the result.</doc>
<arguments>
<arg>"${type}" in "${animal_type}"</arg>
</arguments>
<assign>
<var>${contains}</var>
</assign>
<msg timestamp="20201007 02:35:10.035" level="INFO">${contains} = True</msg>
<status status="PASS" starttime="20201007 02:35:10.034" endtime="20201007 02:35:10.035"></status>
</kw>
<kw name="Should Be True" library="BuiltIn">
<doc>Fails if the given condition is not true.</doc>
<arguments>
<arg>${contains}</arg>
<arg>attribute 'type' returned in reponse is not same as animal_type sent in the request</arg>
</arguments>
<status status="PASS" starttime="20201007 02:35:10.035" endtime="20201007 02:35:10.035"></status>
</kw>
<kw name="Should Match Regexp" library="BuiltIn">
<doc>Fails if ``string`` does not match ``pattern`` as a regular expression.</doc>
<arguments>
<arg>${response_data[${index}]['_id']}</arg>
<arg>^([a-zA-Z0-9])*$</arg>
<arg>invalid data type of attribute '_id'</arg>
</arguments>
<status status="PASS" starttime="20201007 02:35:10.035" endtime="20201007 02:35:10.035"></status>
</kw>
<status status="PASS" starttime="20201007 02:35:10.034" endtime="20201007 02:35:10.036"></status>
</kw>
<kw name="${index} = 93" type="foritem">
<kw name="Set Variable" library="BuiltIn">
<doc>Returns the given values which can then be assigned to a variables.</doc>
<arguments>
<arg>${response_data[${index}]['type']}</arg>
</arguments>
<assign>
<var>${type}</var>
</assign>
<msg timestamp="20201007 02:35:10.036" level="INFO">${type} = cat</msg>
<status status="PASS" starttime="20201007 02:35:10.036" endtime="20201007 02:35:10.036"></status>
</kw>
<kw name="Evaluate" library="BuiltIn">
<doc>Evaluates the given expression in Python and returns the result.</doc>
<arguments>
<arg>"${type}" in "${animal_type}"</arg>
</arguments>
<assign>
<var>${contains}</var>
</assign>
<msg timestamp="20201007 02:35:10.036" level="INFO">${contains} = True</msg>
<status status="PASS" starttime="20201007 02:35:10.036" endtime="20201007 02:35:10.036"></status>
</kw>
<kw name="Should Be True" library="BuiltIn">
<doc>Fails if the given condition is not true.</doc>
<arguments>
<arg>${contains}</arg>
<arg>attribute 'type' returned in reponse is not same as animal_type sent in the request</arg>
</arguments>
<status status="PASS" starttime="20201007 02:35:10.037" endtime="20201007 02:35:10.037"></status>
</kw>
<kw name="Should Match Regexp" library="BuiltIn">
<doc>Fails if ``string`` does not match ``pattern`` as a regular expression.</doc>
<arguments>
<arg>${response_data[${index}]['_id']}</arg>
<arg>^([a-zA-Z0-9])*$</arg>
<arg>invalid data type of attribute '_id'</arg>
</arguments>
<status status="PASS" starttime="20201007 02:35:10.037" endtime="20201007 02:35:10.037"></status>
</kw>
<status status="PASS" starttime="20201007 02:35:10.036" endtime="20201007 02:35:10.037"></status>
</kw>
<kw name="${index} = 94" type="foritem">
<kw name="Set Variable" library="BuiltIn">
<doc>Returns the given values which can then be assigned to a variables.</doc>
<arguments>
<arg>${response_data[${index}]['type']}</arg>
</arguments>
<assign>
<var>${type}</var>
</assign>
<msg timestamp="20201007 02:35:10.038" level="INFO">${type} = cat</msg>
<status status="PASS" starttime="20201007 02:35:10.037" endtime="20201007 02:35:10.038"></status>
</kw>
<kw name="Evaluate" library="BuiltIn">
<doc>Evaluates the given expression in Python and returns the result.</doc>
<arguments>
<arg>"${type}" in "${animal_type}"</arg>
</arguments>
<assign>
<var>${contains}</var>
</assign>
<msg timestamp="20201007 02:35:10.038" level="INFO">${contains} = True</msg>
<status status="PASS" starttime="20201007 02:35:10.038" endtime="20201007 02:35:10.038"></status>
</kw>
<kw name="Should Be True" library="BuiltIn">
<doc>Fails if the given condition is not true.</doc>
<arguments>
<arg>${contains}</arg>
<arg>attribute 'type' returned in reponse is not same as animal_type sent in the request</arg>
</arguments>
<status status="PASS" starttime="20201007 02:35:10.038" endtime="20201007 02:35:10.039"></status>
</kw>
<kw name="Should Match Regexp" library="BuiltIn">
<doc>Fails if ``string`` does not match ``pattern`` as a regular expression.</doc>
<arguments>
<arg>${response_data[${index}]['_id']}</arg>
<arg>^([a-zA-Z0-9])*$</arg>
<arg>invalid data type of attribute '_id'</arg>
</arguments>
<status status="PASS" starttime="20201007 02:35:10.039" endtime="20201007 02:35:10.039"></status>
</kw>
<status status="PASS" starttime="20201007 02:35:10.037" endtime="20201007 02:35:10.039"></status>
</kw>
<kw name="${index} = 95" type="foritem">
<kw name="Set Variable" library="BuiltIn">
<doc>Returns the given values which can then be assigned to a variables.</doc>
<arguments>
<arg>${response_data[${index}]['type']}</arg>
</arguments>
<assign>
<var>${type}</var>
</assign>
<msg timestamp="20201007 02:35:10.040" level="INFO">${type} = dog</msg>
<status status="PASS" starttime="20201007 02:35:10.039" endtime="20201007 02:35:10.040"></status>
</kw>
<kw name="Evaluate" library="BuiltIn">
<doc>Evaluates the given expression in Python and returns the result.</doc>
<arguments>
<arg>"${type}" in "${animal_type}"</arg>
</arguments>
<assign>
<var>${contains}</var>
</assign>
<msg timestamp="20201007 02:35:10.040" level="INFO">${contains} = True</msg>
<status status="PASS" starttime="20201007 02:35:10.040" endtime="20201007 02:35:10.040"></status>
</kw>
<kw name="Should Be True" library="BuiltIn">
<doc>Fails if the given condition is not true.</doc>
<arguments>
<arg>${contains}</arg>
<arg>attribute 'type' returned in reponse is not same as animal_type sent in the request</arg>
</arguments>
<status status="PASS" starttime="20201007 02:35:10.040" endtime="20201007 02:35:10.040"></status>
</kw>
<kw name="Should Match Regexp" library="BuiltIn">
<doc>Fails if ``string`` does not match ``pattern`` as a regular expression.</doc>
<arguments>
<arg>${response_data[${index}]['_id']}</arg>
<arg>^([a-zA-Z0-9])*$</arg>
<arg>invalid data type of attribute '_id'</arg>
</arguments>
<status status="PASS" starttime="20201007 02:35:10.040" endtime="20201007 02:35:10.041"></status>
</kw>
<status status="PASS" starttime="20201007 02:35:10.039" endtime="20201007 02:35:10.041"></status>
</kw>
<kw name="${index} = 96" type="foritem">
<kw name="Set Variable" library="BuiltIn">
<doc>Returns the given values which can then be assigned to a variables.</doc>
<arguments>
<arg>${response_data[${index}]['type']}</arg>
</arguments>
<assign>
<var>${type}</var>
</assign>
<msg timestamp="20201007 02:35:10.041" level="INFO">${type} = cat</msg>
<status status="PASS" starttime="20201007 02:35:10.041" endtime="20201007 02:35:10.041"></status>
</kw>
<kw name="Evaluate" library="BuiltIn">
<doc>Evaluates the given expression in Python and returns the result.</doc>
<arguments>
<arg>"${type}" in "${animal_type}"</arg>
</arguments>
<assign>
<var>${contains}</var>
</assign>
<msg timestamp="20201007 02:35:10.042" level="INFO">${contains} = True</msg>
<status status="PASS" starttime="20201007 02:35:10.041" endtime="20201007 02:35:10.042"></status>
</kw>
<kw name="Should Be True" library="BuiltIn">
<doc>Fails if the given condition is not true.</doc>
<arguments>
<arg>${contains}</arg>
<arg>attribute 'type' returned in reponse is not same as animal_type sent in the request</arg>
</arguments>
<status status="PASS" starttime="20201007 02:35:10.042" endtime="20201007 02:35:10.042"></status>
</kw>
<kw name="Should Match Regexp" library="BuiltIn">
<doc>Fails if ``string`` does not match ``pattern`` as a regular expression.</doc>
<arguments>
<arg>${response_data[${index}]['_id']}</arg>
<arg>^([a-zA-Z0-9])*$</arg>
<arg>invalid data type of attribute '_id'</arg>
</arguments>
<status status="PASS" starttime="20201007 02:35:10.042" endtime="20201007 02:35:10.043"></status>
</kw>
<status status="PASS" starttime="20201007 02:35:10.041" endtime="20201007 02:35:10.043"></status>
</kw>
<kw name="${index} = 97" type="foritem">
<kw name="Set Variable" library="BuiltIn">
<doc>Returns the given values which can then be assigned to a variables.</doc>
<arguments>
<arg>${response_data[${index}]['type']}</arg>
</arguments>
<assign>
<var>${type}</var>
</assign>
<msg timestamp="20201007 02:35:10.043" level="INFO">${type} = cat</msg>
<status status="PASS" starttime="20201007 02:35:10.043" endtime="20201007 02:35:10.043"></status>
</kw>
<kw name="Evaluate" library="BuiltIn">
<doc>Evaluates the given expression in Python and returns the result.</doc>
<arguments>
<arg>"${type}" in "${animal_type}"</arg>
</arguments>
<assign>
<var>${contains}</var>
</assign>
<msg timestamp="20201007 02:35:10.044" level="INFO">${contains} = True</msg>
<status status="PASS" starttime="20201007 02:35:10.043" endtime="20201007 02:35:10.044"></status>
</kw>
<kw name="Should Be True" library="BuiltIn">
<doc>Fails if the given condition is not true.</doc>
<arguments>
<arg>${contains}</arg>
<arg>attribute 'type' returned in reponse is not same as animal_type sent in the request</arg>
</arguments>
<status status="PASS" starttime="20201007 02:35:10.044" endtime="20201007 02:35:10.044"></status>
</kw>
<kw name="Should Match Regexp" library="BuiltIn">
<doc>Fails if ``string`` does not match ``pattern`` as a regular expression.</doc>
<arguments>
<arg>${response_data[${index}]['_id']}</arg>
<arg>^([a-zA-Z0-9])*$</arg>
<arg>invalid data type of attribute '_id'</arg>
</arguments>
<status status="PASS" starttime="20201007 02:35:10.044" endtime="20201007 02:35:10.044"></status>
</kw>
<status status="PASS" starttime="20201007 02:35:10.043" endtime="20201007 02:35:10.044"></status>
</kw>
<kw name="${index} = 98" type="foritem">
<kw name="Set Variable" library="BuiltIn">
<doc>Returns the given values which can then be assigned to a variables.</doc>
<arguments>
<arg>${response_data[${index}]['type']}</arg>
</arguments>
<assign>
<var>${type}</var>
</assign>
<msg timestamp="20201007 02:35:10.045" level="INFO">${type} = cat</msg>
<status status="PASS" starttime="20201007 02:35:10.045" endtime="20201007 02:35:10.045"></status>
</kw>
<kw name="Evaluate" library="BuiltIn">
<doc>Evaluates the given expression in Python and returns the result.</doc>
<arguments>
<arg>"${type}" in "${animal_type}"</arg>
</arguments>
<assign>
<var>${contains}</var>
</assign>
<msg timestamp="20201007 02:35:10.045" level="INFO">${contains} = True</msg>
<status status="PASS" starttime="20201007 02:35:10.045" endtime="20201007 02:35:10.045"></status>
</kw>
<kw name="Should Be True" library="BuiltIn">
<doc>Fails if the given condition is not true.</doc>
<arguments>
<arg>${contains}</arg>
<arg>attribute 'type' returned in reponse is not same as animal_type sent in the request</arg>
</arguments>
<status status="PASS" starttime="20201007 02:35:10.045" endtime="20201007 02:35:10.046"></status>
</kw>
<kw name="Should Match Regexp" library="BuiltIn">
<doc>Fails if ``string`` does not match ``pattern`` as a regular expression.</doc>
<arguments>
<arg>${response_data[${index}]['_id']}</arg>
<arg>^([a-zA-Z0-9])*$</arg>
<arg>invalid data type of attribute '_id'</arg>
</arguments>
<status status="PASS" starttime="20201007 02:35:10.046" endtime="20201007 02:35:10.046"></status>
</kw>
<status status="PASS" starttime="20201007 02:35:10.044" endtime="20201007 02:35:10.046"></status>
</kw>
<kw name="${index} = 99" type="foritem">
<kw name="Set Variable" library="BuiltIn">
<doc>Returns the given values which can then be assigned to a variables.</doc>
<arguments>
<arg>${response_data[${index}]['type']}</arg>
</arguments>
<assign>
<var>${type}</var>
</assign>
<msg timestamp="20201007 02:35:10.047" level="INFO">${type} = cat</msg>
<status status="PASS" starttime="20201007 02:35:10.046" endtime="20201007 02:35:10.047"></status>
</kw>
<kw name="Evaluate" library="BuiltIn">
<doc>Evaluates the given expression in Python and returns the result.</doc>
<arguments>
<arg>"${type}" in "${animal_type}"</arg>
</arguments>
<assign>
<var>${contains}</var>
</assign>
<msg timestamp="20201007 02:35:10.047" level="INFO">${contains} = True</msg>
<status status="PASS" starttime="20201007 02:35:10.047" endtime="20201007 02:35:10.047"></status>
</kw>
<kw name="Should Be True" library="BuiltIn">
<doc>Fails if the given condition is not true.</doc>
<arguments>
<arg>${contains}</arg>
<arg>attribute 'type' returned in reponse is not same as animal_type sent in the request</arg>
</arguments>
<status status="PASS" starttime="20201007 02:35:10.047" endtime="20201007 02:35:10.047"></status>
</kw>
<kw name="Should Match Regexp" library="BuiltIn">
<doc>Fails if ``string`` does not match ``pattern`` as a regular expression.</doc>
<arguments>
<arg>${response_data[${index}]['_id']}</arg>
<arg>^([a-zA-Z0-9])*$</arg>
<arg>invalid data type of attribute '_id'</arg>
</arguments>
<status status="PASS" starttime="20201007 02:35:10.047" endtime="20201007 02:35:10.048"></status>
</kw>
<status status="PASS" starttime="20201007 02:35:10.046" endtime="20201007 02:35:10.048"></status>
</kw>
<status status="PASS" starttime="20201007 02:35:09.835" endtime="20201007 02:35:10.048"></status>
</kw>
<doc>this step validate the attribute like 'type' &amp; '_id' from the response</doc>
<status status="PASS" starttime="20201007 02:35:09.826" endtime="20201007 02:35:10.048" critical="yes"></status>
</test>
<test id="s1-s2-t4" name="Validate Response Header">
<kw name="Set Variable" library="BuiltIn">
<doc>Returns the given values which can then be assigned to a variables.</doc>
<arguments>
<arg>${response.headers}</arg>
</arguments>
<assign>
<var>${header_response}</var>
</assign>
<msg timestamp="20201007 02:35:10.049" level="INFO">${header_response} = {'Server': 'Cowboy', 'Connection': 'keep-alive', 'X-Powered-By': 'Express', 'Access-Control-Allow-Origin': '*', 'Content-Type': 'application/json; charset=utf-8', 'Content-Length': '37323', 'Etag': 'W...</msg>
<status status="PASS" starttime="20201007 02:35:10.049" endtime="20201007 02:35:10.049"></status>
</kw>
<kw name="Set Variable" library="BuiltIn">
<doc>Returns the given values which can then be assigned to a variables.</doc>
<arguments>
<arg>${header_response['Content-Type']}</arg>
</arguments>
<assign>
<var>${content_type}</var>
</assign>
<msg timestamp="20201007 02:35:10.050" level="INFO">${content_type} = application/json; charset=utf-8</msg>
<status status="PASS" starttime="20201007 02:35:10.049" endtime="20201007 02:35:10.050"></status>
</kw>
<kw name="Should Be True" library="BuiltIn">
<doc>Fails if the given condition is not true.</doc>
<arguments>
<arg>'''${content_type}''' == '''application/json; charset=utf-8'''</arg>
<arg>invalid content type returned</arg>
</arguments>
<status status="PASS" starttime="20201007 02:35:10.050" endtime="20201007 02:35:10.050"></status>
</kw>
<doc>this step validate the headers from response header</doc>
<status status="PASS" starttime="20201007 02:35:10.048" endtime="20201007 02:35:10.051" critical="yes"></status>
</test>
<status status="PASS" starttime="20201007 02:35:08.913" endtime="20201007 02:35:10.051"></status>
</suite>
<status status="PASS" starttime="20201007 02:35:07.826" endtime="20201007 02:35:10.053"></status>
</suite>
<statistics>
<total>
<stat pass="8" fail="0">Critical Tests</stat>
<stat pass="8" fail="0">All Tests</stat>
</total>
<tag>
</tag>
<suite>
<stat pass="8" fail="0" id="s1" name="TestCases">TestCases</stat>
<stat pass="4" fail="0" id="s1-s1" name="Fetch Data By Factid">TestCases.Fetch Data By Factid</stat>
<stat pass="4" fail="0" id="s1-s2" name="Validate Facts Using Parameter">TestCases.Validate Facts Using Parameter</stat>
</suite>
</statistics>
<errors>
</errors>
</robot>
